#
# There is insufficient memory for the Java Runtime Environment to continue.
# Native memory allocation (mmap) failed to map 39845888 bytes for G1 virtual space
# Possible reasons:
#   The system is out of physical RAM or swap space
#   The process is running with CompressedOops enabled, and the Java Heap may be blocking the growth of the native heap
# Possible solutions:
#   Reduce memory load on the system
#   Increase physical memory or swap space
#   Check if swap backing store is full
#   Decrease Java heap size (-Xmx/-Xms)
#   Decrease number of Java threads
#   Decrease Java thread stack sizes (-Xss)
#   Set larger code cache with -XX:ReservedCodeCacheSize=
#   JVM is running with Unscaled Compressed Oops mode in which the Java heap is
#     placed in the first 4GB address space. The Java Heap base address is the
#     maximum limit for the native heap growth. Please use -XX:HeapBaseMinAddress
#     to set the Java Heap base and to place the Java Heap above 4GB virtual address.
# This output file may be truncated or incomplete.
#
#  Out of Memory Error (os_windows.cpp:3600), pid=21100, tid=10120
#
# JRE version: Java(TM) SE Runtime Environment (21.0.4+8) (build 21.0.4+8-LTS-274)
# Java VM: Java HotSpot(TM) 64-Bit Server VM (21.0.4+8-LTS-274, mixed mode, sharing, tiered, compressed oops, compressed class ptrs, g1 gc, windows-amd64)
# No core dump will be written. Minidumps are not enabled by default on client versions of Windows
#

---------------  S U M M A R Y ------------

Command Line: -XX:MaxMetaspaceSize=512m --add-opens=java.base/java.util=ALL-UNNAMED --add-opens=java.base/java.lang=ALL-UNNAMED --add-opens=java.base/java.lang.invoke=ALL-UNNAMED --add-opens=java.prefs/java.util.prefs=ALL-UNNAMED --add-opens=java.base/java.nio.charset=ALL-UNNAMED --add-opens=java.base/java.net=ALL-UNNAMED --add-opens=java.base/java.util.concurrent.atomic=ALL-UNNAMED -Xmx2048m -Dfile.encoding=UTF-8 -Duser.country=US -Duser.language=en -Duser.variant -javaagent:C:\Users\Alex\.gradle\wrapper\dists\gradle-8.6-all\3mbtmo166bl6vumsh5k2lkq5h\gradle-8.6\lib\agents\gradle-instrumentation-agent-8.6.jar org.gradle.launcher.daemon.bootstrap.GradleDaemon 8.6

Host: AMD Ryzen 5 2600 Six-Core Processor            , 12 cores, 7G,  Windows 11 , 64 bit Build 22621 (10.0.22621.3672)
Time: Wed Jul 24 16:04:33 2024 SA Pacific Standard Time elapsed time: 37.832019 seconds (0d 0h 0m 37s)

---------------  T H R E A D  ---------------

Current thread (0x0000028360013e10):  VMThread "VM Thread"          [id=10120, stack(0x000000bc84d00000,0x000000bc84e00000) (1024K)]

Stack: [0x000000bc84d00000,0x000000bc84e00000]
Native frames: (J=compiled Java code, j=interpreted, Vv=VM code, C=native code)
V  [jvm.dll+0x6c8e59]
V  [jvm.dll+0x853181]
V  [jvm.dll+0x8556ae]
V  [jvm.dll+0x855d83]
V  [jvm.dll+0x27d526]
V  [jvm.dll+0x6c55f5]
V  [jvm.dll+0x6ba17a]
V  [jvm.dll+0x352a8a]
V  [jvm.dll+0x35a6e6]
V  [jvm.dll+0x3acdae]
V  [jvm.dll+0x3ad058]
V  [jvm.dll+0x326dec]
V  [jvm.dll+0x329646]
V  [jvm.dll+0x3335f8]
V  [jvm.dll+0x3698e5]
V  [jvm.dll+0x85bb50]
V  [jvm.dll+0x85ced4]
V  [jvm.dll+0x85d410]
V  [jvm.dll+0x85d6b3]
V  [jvm.dll+0x7fd65b]
V  [jvm.dll+0x6c753d]
C  [ucrtbase.dll+0x29333]
C  [KERNEL32.DLL+0x1257d]
C  [ntdll.dll+0x5af28]

VM_Operation (0x000000bc848ff600): G1PauseRemark, mode: safepoint, requested by thread 0x0000028343266520


---------------  P R O C E S S  ---------------

Threads class SMR info:
_java_thread_list=0x000002830a189720, length=135, elements={
0x0000028340fb5e10, 0x0000028360032e10, 0x0000028360033870, 0x000002836003cce0,
0x000002836003fc50, 0x0000028360042880, 0x00000283600456a0, 0x00000283600562a0,
0x000002836005a960, 0x0000028360268d60, 0x0000028360440eb0, 0x0000028300f90410,
0x0000028300d51a40, 0x000002830102f260, 0x000002830114b800, 0x000002830114d8d0,
0x000002830114b170, 0x000002830114e5f0, 0x000002830114be90, 0x000002830114df60,
0x000002830114c520, 0x000002830114cbb0, 0x000002830114d240, 0x00000283014be7a0,
0x00000283014bee30, 0x00000283014bf4c0, 0x00000283014c0870, 0x00000283014c01e0,
0x00000283014c2940, 0x00000283014bd3f0, 0x00000283014c0f00, 0x00000283014c1590,
0x00000283014c1c20, 0x00000283014bb9b0, 0x00000283014c2fd0, 0x00000283014bda80,
0x00000283014bc040, 0x00000283014bc6d0, 0x00000283003021a0, 0x0000028300302830,
0x0000028300302ec0, 0x0000028300303be0, 0x0000028300300760, 0x00000283002fed20,
0x00000283002ff3b0, 0x0000028300304900, 0x0000028300304f90, 0x00000283003000d0,
0x0000028300305cb0, 0x0000028300300df0, 0x0000028300301480, 0x0000028300305620,
0x0000028300306340, 0x0000028301640cd0, 0x000002830163d850, 0x000002830163dee0,
0x0000028301642710, 0x0000028301641360, 0x0000028301642080, 0x000002830163f920,
0x000002830163b780, 0x000002830163ec00, 0x000002830163f290, 0x0000028304a3f5d0,
0x0000028304a41d30, 0x0000028304a40980, 0x0000028304a3ef40, 0x0000028304a41010,
0x0000028304a43770, 0x0000028304a43e00, 0x0000028304a416a0, 0x0000028304a402f0,
0x0000028304a3fc60, 0x0000028304a423c0, 0x0000028304a3ce70, 0x0000028304a44490,
0x0000028304a42a50, 0x0000028304a3e220, 0x0000028304a3d500, 0x0000028304a3db90,
0x0000028304a3e8b0, 0x000002830163be10, 0x00000283016419f0, 0x000002830163ffb0,
0x0000028302914570, 0x000002830290f6b0, 0x00000283029110f0, 0x00000283029124a0,
0x0000028302911780, 0x0000028302910a60, 0x00000283029131c0, 0x000002830290f020,
0x0000028302913850, 0x0000028302913ee0, 0x0000028302911e10, 0x000002830290dc70,
0x0000028302914c00, 0x00000283029103d0, 0x000002830290e300, 0x000002830290fd40,
0x0000028302915290, 0x0000028302912b30, 0x000002830290e990, 0x00000283035c61f0,
0x00000283035c3a90, 0x00000283035c6f10, 0x00000283035c4120, 0x00000283035c26e0,
0x00000283035c6880, 0x00000283035c5b60, 0x00000283035c47b0, 0x00000283035c4e40,
0x00000283035c75a0, 0x00000283035c3400, 0x00000283035c2d70, 0x00000283035c8950,
0x00000283035c54d0, 0x00000283035c7c30, 0x00000283035c82c0, 0x00000283035c8fe0,
0x00000283035c2050, 0x0000028301540ff0, 0x000002830aff4ff0, 0x000002830aff35b0,
0x000002830aff14e0, 0x000002830aff2200, 0x000002830aff5680, 0x000002830aff1b70,
0x000002830aff0130, 0x000002830aff6a30, 0x000002830aff2890, 0x000002830aff70c0,
0x000002830aff7750, 0x000002830b123ff0, 0x000002830b1253a0
}

Java Threads: ( => current thread )
  0x0000028340fb5e10 JavaThread "main"                              [_thread_blocked, id=4032, stack(0x000000bc84600000,0x000000bc84700000) (1024K)]
  0x0000028360032e10 JavaThread "Reference Handler"          daemon [_thread_blocked, id=21780, stack(0x000000bc84e00000,0x000000bc84f00000) (1024K)]
  0x0000028360033870 JavaThread "Finalizer"                  daemon [_thread_blocked, id=17816, stack(0x000000bc84f00000,0x000000bc85000000) (1024K)]
  0x000002836003cce0 JavaThread "Signal Dispatcher"          daemon [_thread_blocked, id=2424, stack(0x000000bc85000000,0x000000bc85100000) (1024K)]
  0x000002836003fc50 JavaThread "Attach Listener"            daemon [_thread_blocked, id=22496, stack(0x000000bc85100000,0x000000bc85200000) (1024K)]
  0x0000028360042880 JavaThread "Service Thread"             daemon [_thread_blocked, id=17712, stack(0x000000bc85200000,0x000000bc85300000) (1024K)]
  0x00000283600456a0 JavaThread "Monitor Deflation Thread"   daemon [_thread_blocked, id=18740, stack(0x000000bc85300000,0x000000bc85400000) (1024K)]
  0x00000283600562a0 JavaThread "C2 CompilerThread0"         daemon [_thread_blocked, id=5912, stack(0x000000bc85400000,0x000000bc85500000) (1024K)]
  0x000002836005a960 JavaThread "C1 CompilerThread0"         daemon [_thread_blocked, id=2908, stack(0x000000bc85500000,0x000000bc85600000) (1024K)]
  0x0000028360268d60 JavaThread "Common-Cleaner"             daemon [_thread_blocked, id=22572, stack(0x000000bc85600000,0x000000bc85700000) (1024K)]
  0x0000028360440eb0 JavaThread "Notification Thread"        daemon [_thread_blocked, id=22488, stack(0x000000bc85700000,0x000000bc85800000) (1024K)]
  0x0000028300f90410 JavaThread "Daemon health stats"               [_thread_blocked, id=6108, stack(0x000000bc85c00000,0x000000bc85d00000) (1024K)]
  0x0000028300d51a40 JavaThread "Incoming local TCP Connector on port 60449"        [_thread_in_native, id=3064, stack(0x000000bc85d00000,0x000000bc85e00000) (1024K)]
  0x000002830102f260 JavaThread "Daemon periodic checks"            [_thread_blocked, id=3940, stack(0x000000bc85e00000,0x000000bc85f00000) (1024K)]
  0x000002830114b800 JavaThread "Daemon"                            [_thread_blocked, id=14144, stack(0x000000bc85f00000,0x000000bc86000000) (1024K)]
  0x000002830114d8d0 JavaThread "Handler for socket connection from /127.0.0.1:60449 to /127.0.0.1:60450"        [_thread_in_native, id=14516, stack(0x000000bc86000000,0x000000bc86100000) (1024K)]
  0x000002830114b170 JavaThread "Cancel handler"                    [_thread_blocked, id=23816, stack(0x000000bc86100000,0x000000bc86200000) (1024K)]
  0x000002830114e5f0 JavaThread "Daemon worker"                     [_thread_blocked, id=14188, stack(0x000000bc86200000,0x000000bc86300000) (1024K)]
  0x000002830114be90 JavaThread "Asynchronous log dispatcher for DefaultDaemonConnection: socket connection from /127.0.0.1:60449 to /127.0.0.1:60450"        [_thread_blocked, id=16808, stack(0x000000bc86300000,0x000000bc86400000) (1024K)]
  0x000002830114df60 JavaThread "Stdin handler"                     [_thread_blocked, id=23192, stack(0x000000bc86400000,0x000000bc86500000) (1024K)]
  0x000002830114c520 JavaThread "Daemon client event forwarder"        [_thread_blocked, id=21900, stack(0x000000bc86500000,0x000000bc86600000) (1024K)]
  0x000002830114cbb0 JavaThread "Cache worker for journal cache (C:\Users\Alex\.gradle\caches\journal-1)"        [_thread_blocked, id=16968, stack(0x000000bc86600000,0x000000bc86700000) (1024K)]
  0x000002830114d240 JavaThread "File lock request listener"        [_thread_in_native, id=23504, stack(0x000000bc86700000,0x000000bc86800000) (1024K)]
  0x00000283014be7a0 JavaThread "Cache worker for file hash cache (C:\Users\Alex\.gradle\caches\8.6\fileHashes)"        [_thread_blocked, id=20744, stack(0x000000bc86800000,0x000000bc86900000) (1024K)]
  0x00000283014bee30 JavaThread "File watcher server"        daemon [_thread_blocked, id=6884, stack(0x000000bc87000000,0x000000bc87100000) (1024K)]
  0x00000283014bf4c0 JavaThread "File watcher consumer"      daemon [_thread_blocked, id=24412, stack(0x000000bc87100000,0x000000bc87200000) (1024K)]
  0x00000283014c0870 JavaThread "Cache worker for checksums cache (C:\Users\Alex\Desktop\Active\Client\Wp to Android\MyApp\android\.gradle\8.6\checksums)"        [_thread_blocked, id=18916, stack(0x000000bc87200000,0x000000bc87300000) (1024K)]
  0x00000283014c01e0 JavaThread "Cache worker for file hash cache (C:\Users\Alex\Desktop\Active\Client\Wp to Android\MyApp\android\.gradle\8.6\fileHashes)"        [_thread_blocked, id=23036, stack(0x000000bc87300000,0x000000bc87400000) (1024K)]
  0x00000283014c2940 JavaThread "Cache worker for cache directory md-supplier (C:\Users\Alex\.gradle\caches\8.6\md-supplier)"        [_thread_blocked, id=20988, stack(0x000000bc87400000,0x000000bc87500000) (1024K)]
  0x00000283014bd3f0 JavaThread "Cache worker for cache directory md-rule (C:\Users\Alex\.gradle\caches\8.6\md-rule)"        [_thread_blocked, id=20708, stack(0x000000bc87500000,0x000000bc87600000) (1024K)]
  0x00000283014c0f00 JavaThread "Cache worker for file content cache (C:\Users\Alex\.gradle\caches\8.6\fileContent)"        [_thread_blocked, id=2960, stack(0x000000bc87600000,0x000000bc87700000) (1024K)]
  0x00000283014c1590 JavaThread "jar transforms"                    [_thread_blocked, id=13892, stack(0x000000bc87700000,0x000000bc87800000) (1024K)]
  0x00000283014c1c20 JavaThread "jar transforms Thread 2"           [_thread_blocked, id=13772, stack(0x000000bc87800000,0x000000bc87900000) (1024K)]
  0x00000283014bb9b0 JavaThread "jar transforms Thread 3"           [_thread_blocked, id=21520, stack(0x000000bc87900000,0x000000bc87a00000) (1024K)]
  0x00000283014c2fd0 JavaThread "jar transforms Thread 4"           [_thread_blocked, id=2216, stack(0x000000bc87a00000,0x000000bc87b00000) (1024K)]
  0x00000283014bda80 JavaThread "Exec process"                      [_thread_blocked, id=2692, stack(0x000000bc87c00000,0x000000bc87d00000) (1024K)]
  0x00000283014bc040 JavaThread "Exec process Thread 2"             [_thread_blocked, id=15080, stack(0x000000bc87d00000,0x000000bc87e00000) (1024K)]
  0x00000283014bc6d0 JavaThread "Exec process Thread 3"             [_thread_blocked, id=12104, stack(0x000000bc87e00000,0x000000bc87f00000) (1024K)]
  0x00000283003021a0 JavaThread "jar transforms Thread 5"           [_thread_blocked, id=23280, stack(0x000000bc87f00000,0x000000bc88000000) (1024K)]
  0x0000028300302830 JavaThread "jar transforms Thread 6"           [_thread_blocked, id=15652, stack(0x000000bc88000000,0x000000bc88100000) (1024K)]
  0x0000028300302ec0 JavaThread "Unconstrained build operations"        [_thread_blocked, id=22608, stack(0x000000bc87b00000,0x000000bc87c00000) (1024K)]
  0x0000028300303be0 JavaThread "Unconstrained build operations Thread 2"        [_thread_blocked, id=3776, stack(0x000000bc88200000,0x000000bc88300000) (1024K)]
  0x0000028300300760 JavaThread "jar transforms Thread 7"           [_thread_blocked, id=21952, stack(0x000000bc88300000,0x000000bc88400000) (1024K)]
  0x00000283002fed20 JavaThread "jar transforms Thread 8"           [_thread_blocked, id=18844, stack(0x000000bc88400000,0x000000bc88500000) (1024K)]
  0x00000283002ff3b0 JavaThread "Cache worker for Build Output Cleanup Cache (C:\Users\Alex\Desktop\Active\Client\Wp to Android\MyApp\node_modules\@react-native\gradle-plugin\.gradle\buildOutputCleanup)"        [_thread_blocked, id=22764, stack(0x000000bc88500000,0x000000bc88600000) (1024K)]
  0x0000028300304900 JavaThread "jar transforms Thread 9"           [_thread_blocked, id=14348, stack(0x000000bc88600000,0x000000bc88700000) (1024K)]
  0x0000028300304f90 JavaThread "jar transforms Thread 10"          [_thread_blocked, id=19504, stack(0x000000bc88700000,0x000000bc88800000) (1024K)]
  0x00000283003000d0 JavaThread "Unconstrained build operations Thread 3"        [_thread_blocked, id=22688, stack(0x000000bc88800000,0x000000bc88900000) (1024K)]
  0x0000028300305cb0 JavaThread "Unconstrained build operations Thread 4"        [_thread_blocked, id=13280, stack(0x000000bc88900000,0x000000bc88a00000) (1024K)]
  0x0000028300300df0 JavaThread "Unconstrained build operations Thread 5"        [_thread_blocked, id=20144, stack(0x000000bc88a00000,0x000000bc88b00000) (1024K)]
  0x0000028300301480 JavaThread "Unconstrained build operations Thread 6"        [_thread_blocked, id=23996, stack(0x000000bc88b00000,0x000000bc88c00000) (1024K)]
  0x0000028300305620 JavaThread "Unconstrained build operations Thread 7"        [_thread_blocked, id=22840, stack(0x000000bc88c00000,0x000000bc88d00000) (1024K)]
  0x0000028300306340 JavaThread "Unconstrained build operations Thread 8"        [_thread_blocked, id=15076, stack(0x000000bc88d00000,0x000000bc88e00000) (1024K)]
  0x0000028301640cd0 JavaThread "Unconstrained build operations Thread 9"        [_thread_blocked, id=23544, stack(0x000000bc88e00000,0x000000bc88f00000) (1024K)]
  0x000002830163d850 JavaThread "Unconstrained build operations Thread 10"        [_thread_blocked, id=20784, stack(0x000000bc88f00000,0x000000bc89000000) (1024K)]
  0x000002830163dee0 JavaThread "Unconstrained build operations Thread 11"        [_thread_blocked, id=16868, stack(0x000000bc89000000,0x000000bc89100000) (1024K)]
  0x0000028301642710 JavaThread "Unconstrained build operations Thread 12"        [_thread_blocked, id=22552, stack(0x000000bc89100000,0x000000bc89200000) (1024K)]
  0x0000028301641360 JavaThread "Unconstrained build operations Thread 13"        [_thread_blocked, id=4772, stack(0x000000bc89200000,0x000000bc89300000) (1024K)]
  0x0000028301642080 JavaThread "build event listener"              [_thread_blocked, id=12020, stack(0x000000bc89300000,0x000000bc89400000) (1024K)]
  0x000002830163f920 JavaThread "Memory manager"                    [_thread_blocked, id=21736, stack(0x000000bc89400000,0x000000bc89500000) (1024K)]
  0x000002830163b780 JavaThread "jar transforms Thread 11"          [_thread_blocked, id=14852, stack(0x000000bc89500000,0x000000bc89600000) (1024K)]
  0x000002830163ec00 JavaThread "jar transforms Thread 12"          [_thread_blocked, id=21756, stack(0x000000bc89600000,0x000000bc89700000) (1024K)]
  0x000002830163f290 JavaThread "Cache worker for Build Output Cleanup Cache (C:\Users\Alex\Desktop\Active\Client\Wp to Android\MyApp\android\.gradle\buildOutputCleanup)"        [_thread_blocked, id=5492, stack(0x000000bc89700000,0x000000bc89800000) (1024K)]
  0x0000028304a3f5d0 JavaThread "ForkJoinPool.commonPool-worker-1" daemon [_thread_blocked, id=18548, stack(0x000000bc89800000,0x000000bc89900000) (1024K)]
  0x0000028304a41d30 JavaThread "ForkJoinPool.commonPool-worker-2" daemon [_thread_blocked, id=24000, stack(0x000000bc89900000,0x000000bc89a00000) (1024K)]
  0x0000028304a40980 JavaThread "ForkJoinPool.commonPool-worker-3" daemon [_thread_blocked, id=21208, stack(0x000000bc89a00000,0x000000bc89b00000) (1024K)]
  0x0000028304a3ef40 JavaThread "ForkJoinPool.commonPool-worker-4" daemon [_thread_blocked, id=22484, stack(0x000000bc89b00000,0x000000bc89c00000) (1024K)]
  0x0000028304a41010 JavaThread "ForkJoinPool.commonPool-worker-5" daemon [_thread_blocked, id=9556, stack(0x000000bc89c00000,0x000000bc89d00000) (1024K)]
  0x0000028304a43770 JavaThread "ForkJoinPool.commonPool-worker-6" daemon [_thread_blocked, id=22784, stack(0x000000bc89d00000,0x000000bc89e00000) (1024K)]
  0x0000028304a43e00 JavaThread "ForkJoinPool.commonPool-worker-7" daemon [_thread_blocked, id=22276, stack(0x000000bc89e00000,0x000000bc89f00000) (1024K)]
  0x0000028304a416a0 JavaThread "ForkJoinPool.commonPool-worker-8" daemon [_thread_blocked, id=24120, stack(0x000000bc89f00000,0x000000bc8a000000) (1024K)]
  0x0000028304a402f0 JavaThread "ForkJoinPool.commonPool-worker-9" daemon [_thread_blocked, id=22500, stack(0x000000bc8a000000,0x000000bc8a100000) (1024K)]
  0x0000028304a3fc60 JavaThread "ForkJoinPool.commonPool-worker-10" daemon [_thread_blocked, id=18976, stack(0x000000bc8a100000,0x000000bc8a200000) (1024K)]
  0x0000028304a423c0 JavaThread "included builds"                   [_thread_blocked, id=5020, stack(0x000000bc8a200000,0x000000bc8a300000) (1024K)]
  0x0000028304a3ce70 JavaThread "Execution worker"                  [_thread_blocked, id=6488, stack(0x000000bc8a300000,0x000000bc8a400000) (1024K)]
  0x0000028304a44490 JavaThread "Execution worker Thread 2"         [_thread_blocked, id=8568, stack(0x000000bc8a400000,0x000000bc8a500000) (1024K)]
  0x0000028304a42a50 JavaThread "Execution worker Thread 3"         [_thread_blocked, id=2116, stack(0x000000bc8a500000,0x000000bc8a600000) (1024K)]
  0x0000028304a3e220 JavaThread "Execution worker Thread 4"         [_thread_blocked, id=14700, stack(0x000000bc8a600000,0x000000bc8a700000) (1024K)]
  0x0000028304a3d500 JavaThread "Execution worker Thread 5"         [_thread_blocked, id=4952, stack(0x000000bc8a700000,0x000000bc8a800000) (1024K)]
  0x0000028304a3db90 JavaThread "Execution worker Thread 6"         [_thread_blocked, id=13336, stack(0x000000bc8a800000,0x000000bc8a900000) (1024K)]
  0x0000028304a3e8b0 JavaThread "Execution worker Thread 7"         [_thread_blocked, id=10564, stack(0x000000bc8a900000,0x000000bc8aa00000) (1024K)]
  0x000002830163be10 JavaThread "Execution worker Thread 8"         [_thread_blocked, id=3084, stack(0x000000bc8aa00000,0x000000bc8ab00000) (1024K)]
  0x00000283016419f0 JavaThread "Execution worker Thread 9"         [_thread_blocked, id=5872, stack(0x000000bc8ab00000,0x000000bc8ac00000) (1024K)]
  0x000002830163ffb0 JavaThread "Execution worker Thread 10"        [_thread_blocked, id=14708, stack(0x000000bc8ac00000,0x000000bc8ad00000) (1024K)]
  0x0000028302914570 JavaThread "Execution worker Thread 11"        [_thread_blocked, id=8004, stack(0x000000bc8ad00000,0x000000bc8ae00000) (1024K)]
  0x000002830290f6b0 JavaThread "Cache worker for execution history cache (C:\Users\Alex\Desktop\Active\Client\Wp to Android\MyApp\node_modules\@react-native\gradle-plugin\.gradle\8.6\executionHistory)"        [_thread_blocked, id=5988, stack(0x000000bc8ae00000,0x000000bc8af00000) (1024K)]
  0x00000283029110f0 JavaThread "Unconstrained build operations Thread 14"        [_thread_blocked, id=4448, stack(0x000000bc8af00000,0x000000bc8b000000) (1024K)]
  0x00000283029124a0 JavaThread "Unconstrained build operations Thread 15"        [_thread_blocked, id=9440, stack(0x000000bc8b000000,0x000000bc8b100000) (1024K)]
  0x0000028302911780 JavaThread "Unconstrained build operations Thread 16"        [_thread_blocked, id=15420, stack(0x000000bc8b100000,0x000000bc8b200000) (1024K)]
  0x0000028302910a60 JavaThread "Unconstrained build operations Thread 17"        [_thread_blocked, id=15904, stack(0x000000bc8b200000,0x000000bc8b300000) (1024K)]
  0x00000283029131c0 JavaThread "Unconstrained build operations Thread 18"        [_thread_blocked, id=2788, stack(0x000000bc8b300000,0x000000bc8b400000) (1024K)]
  0x000002830290f020 JavaThread "Unconstrained build operations Thread 19"        [_thread_blocked, id=6264, stack(0x000000bc8b400000,0x000000bc8b500000) (1024K)]
  0x0000028302913850 JavaThread "Unconstrained build operations Thread 20"        [_thread_blocked, id=3056, stack(0x000000bc8b500000,0x000000bc8b600000) (1024K)]
  0x0000028302913ee0 JavaThread "Unconstrained build operations Thread 21"        [_thread_blocked, id=5136, stack(0x000000bc8b600000,0x000000bc8b700000) (1024K)]
  0x0000028302911e10 JavaThread "Unconstrained build operations Thread 22"        [_thread_blocked, id=9064, stack(0x000000bc8b700000,0x000000bc8b800000) (1024K)]
  0x000002830290dc70 JavaThread "Unconstrained build operations Thread 23"        [_thread_blocked, id=14976, stack(0x000000bc8b800000,0x000000bc8b900000) (1024K)]
  0x0000028302914c00 JavaThread "Unconstrained build operations Thread 24"        [_thread_blocked, id=21940, stack(0x000000bc8b900000,0x000000bc8ba00000) (1024K)]
  0x00000283029103d0 JavaThread "Unconstrained build operations Thread 25"        [_thread_blocked, id=21232, stack(0x000000bc8ba00000,0x000000bc8bb00000) (1024K)]
  0x000002830290e300 JavaThread "Unconstrained build operations Thread 26"        [_thread_blocked, id=372, stack(0x000000bc8bb00000,0x000000bc8bc00000) (1024K)]
  0x000002830290fd40 JavaThread "Unconstrained build operations Thread 27"        [_thread_blocked, id=9016, stack(0x000000bc8bc00000,0x000000bc8bd00000) (1024K)]
  0x0000028302915290 JavaThread "Unconstrained build operations Thread 28"        [_thread_blocked, id=18768, stack(0x000000bc8bd00000,0x000000bc8be00000) (1024K)]
  0x0000028302912b30 JavaThread "Unconstrained build operations Thread 29"        [_thread_blocked, id=21856, stack(0x000000bc8be00000,0x000000bc8bf00000) (1024K)]
  0x000002830290e990 JavaThread "Unconstrained build operations Thread 30"        [_thread_blocked, id=6784, stack(0x000000bc8bf00000,0x000000bc8c000000) (1024K)]
  0x00000283035c61f0 JavaThread "Unconstrained build operations Thread 31"        [_thread_blocked, id=16340, stack(0x000000bc8c000000,0x000000bc8c100000) (1024K)]
  0x00000283035c3a90 JavaThread "Unconstrained build operations Thread 32"        [_thread_blocked, id=6728, stack(0x000000bc8c100000,0x000000bc8c200000) (1024K)]
  0x00000283035c6f10 JavaThread "Unconstrained build operations Thread 33"        [_thread_blocked, id=20688, stack(0x000000bc8c200000,0x000000bc8c300000) (1024K)]
  0x00000283035c4120 JavaThread "Unconstrained build operations Thread 34"        [_thread_blocked, id=3268, stack(0x000000bc8c300000,0x000000bc8c400000) (1024K)]
  0x00000283035c26e0 JavaThread "Unconstrained build operations Thread 35"        [_thread_blocked, id=23452, stack(0x000000bc8c400000,0x000000bc8c500000) (1024K)]
  0x00000283035c6880 JavaThread "Unconstrained build operations Thread 36"        [_thread_blocked, id=15896, stack(0x000000bc8c500000,0x000000bc8c600000) (1024K)]
  0x00000283035c5b60 JavaThread "Unconstrained build operations Thread 37"        [_thread_blocked, id=19912, stack(0x000000bc8c600000,0x000000bc8c700000) (1024K)]
  0x00000283035c47b0 JavaThread "Unconstrained build operations Thread 38"        [_thread_blocked, id=22444, stack(0x000000bc8c700000,0x000000bc8c800000) (1024K)]
  0x00000283035c4e40 JavaThread "Unconstrained build operations Thread 39"        [_thread_blocked, id=4852, stack(0x000000bc8c800000,0x000000bc8c900000) (1024K)]
  0x00000283035c75a0 JavaThread "Unconstrained build operations Thread 40"        [_thread_blocked, id=23956, stack(0x000000bc8c900000,0x000000bc8ca00000) (1024K)]
  0x00000283035c3400 JavaThread "Unconstrained build operations Thread 41"        [_thread_blocked, id=23720, stack(0x000000bc8ca00000,0x000000bc8cb00000) (1024K)]
  0x00000283035c2d70 JavaThread "Unconstrained build operations Thread 42"        [_thread_blocked, id=22392, stack(0x000000bc8cb00000,0x000000bc8cc00000) (1024K)]
  0x00000283035c8950 JavaThread "Unconstrained build operations Thread 43"        [_thread_blocked, id=22756, stack(0x000000bc8cc00000,0x000000bc8cd00000) (1024K)]
  0x00000283035c54d0 JavaThread "Unconstrained build operations Thread 44"        [_thread_blocked, id=16064, stack(0x000000bc8cd00000,0x000000bc8ce00000) (1024K)]
  0x00000283035c7c30 JavaThread "Unconstrained build operations Thread 45"        [_thread_blocked, id=18144, stack(0x000000bc8ce00000,0x000000bc8cf00000) (1024K)]
  0x00000283035c82c0 JavaThread "Unconstrained build operations Thread 46"        [_thread_blocked, id=16268, stack(0x000000bc8cf00000,0x000000bc8d000000) (1024K)]
  0x00000283035c8fe0 JavaThread "Unconstrained build operations Thread 47"        [_thread_blocked, id=13000, stack(0x000000bc8d000000,0x000000bc8d100000) (1024K)]
  0x00000283035c2050 JavaThread "Unconstrained build operations Thread 48"        [_thread_blocked, id=24300, stack(0x000000bc8d100000,0x000000bc8d200000) (1024K)]
  0x0000028301540ff0 JavaThread "build event listener"              [_thread_blocked, id=22888, stack(0x000000bc8d200000,0x000000bc8d300000) (1024K)]
  0x000002830aff4ff0 JavaThread "Unconstrained build operations Thread 49"        [_thread_blocked, id=11824, stack(0x000000bc8d300000,0x000000bc8d400000) (1024K)]
  0x000002830aff35b0 JavaThread "Unconstrained build operations Thread 50"        [_thread_blocked, id=16688, stack(0x000000bc8d400000,0x000000bc8d500000) (1024K)]
  0x000002830aff14e0 JavaThread "Unconstrained build operations Thread 51"        [_thread_blocked, id=7124, stack(0x000000bc8d500000,0x000000bc8d600000) (1024K)]
  0x000002830aff2200 JavaThread "Unconstrained build operations Thread 52"        [_thread_blocked, id=23656, stack(0x000000bc8d600000,0x000000bc8d700000) (1024K)]
  0x000002830aff5680 JavaThread "Unconstrained build operations Thread 53"        [_thread_blocked, id=23092, stack(0x000000bc8d700000,0x000000bc8d800000) (1024K)]
  0x000002830aff1b70 JavaThread "Unconstrained build operations Thread 54"        [_thread_blocked, id=5028, stack(0x000000bc8d800000,0x000000bc8d900000) (1024K)]
  0x000002830aff0130 JavaThread "Unconstrained build operations Thread 55"        [_thread_blocked, id=16292, stack(0x000000bc8d900000,0x000000bc8da00000) (1024K)]
  0x000002830aff6a30 JavaThread "Unconstrained build operations Thread 56"        [_thread_blocked, id=14104, stack(0x000000bc8da00000,0x000000bc8db00000) (1024K)]
  0x000002830aff2890 JavaThread "Unconstrained build operations Thread 57"        [_thread_blocked, id=19632, stack(0x000000bc8db00000,0x000000bc8dc00000) (1024K)]
  0x000002830aff70c0 JavaThread "Unconstrained build operations Thread 58"        [_thread_blocked, id=21368, stack(0x000000bc8dc00000,0x000000bc8dd00000) (1024K)]
  0x000002830aff7750 JavaThread "Unconstrained build operations Thread 59"        [_thread_blocked, id=22324, stack(0x000000bc8dd00000,0x000000bc8de00000) (1024K)]
  0x000002830b123ff0 JavaThread "ForkJoinPool.commonPool-worker-11" daemon [_thread_blocked, id=15400, stack(0x000000bc8de00000,0x000000bc8df00000) (1024K)]
  0x000002830b1253a0 JavaThread "File lock release action executor"        [_thread_blocked, id=14712, stack(0x000000bc8df00000,0x000000bc8e000000) (1024K)]
Total: 135

Other Threads:
=>0x0000028360013e10 VMThread "VM Thread"                           [id=10120, stack(0x000000bc84d00000,0x000000bc84e00000) (1024K)]
  0x000002835fffa630 WatcherThread "VM Periodic Task Thread"        [id=19416, stack(0x000000bc84c00000,0x000000bc84d00000) (1024K)]
  0x0000028343255390 WorkerThread "GC Thread#0"                     [id=23492, stack(0x000000bc84700000,0x000000bc84800000) (1024K)]
  0x0000028360c46970 WorkerThread "GC Thread#1"                     [id=9140, stack(0x000000bc85800000,0x000000bc85900000) (1024K)]
  0x0000028360cb4d00 WorkerThread "GC Thread#2"                     [id=19064, stack(0x000000bc85900000,0x000000bc85a00000) (1024K)]
  0x0000028360cb2940 WorkerThread "GC Thread#3"                     [id=13536, stack(0x000000bc85a00000,0x000000bc85b00000) (1024K)]
  0x0000028360bd1b10 WorkerThread "GC Thread#4"                     [id=20504, stack(0x000000bc85b00000,0x000000bc85c00000) (1024K)]
  0x00000283029e61b0 WorkerThread "GC Thread#5"                     [id=22056, stack(0x000000bc86900000,0x000000bc86a00000) (1024K)]
  0x00000283029e6550 WorkerThread "GC Thread#6"                     [id=14828, stack(0x000000bc86a00000,0x000000bc86b00000) (1024K)]
  0x0000028301e68280 WorkerThread "GC Thread#7"                     [id=14252, stack(0x000000bc86b00000,0x000000bc86c00000) (1024K)]
  0x0000028301ec6080 WorkerThread "GC Thread#8"                     [id=8348, stack(0x000000bc86c00000,0x000000bc86d00000) (1024K)]
  0x0000028301ec5940 WorkerThread "GC Thread#9"                     [id=15592, stack(0x000000bc86d00000,0x000000bc86e00000) (1024K)]
  0x0000028343266520 ConcurrentGCThread "G1 Main Marker"            [id=16032, stack(0x000000bc84800000,0x000000bc84900000) (1024K)]
  0x00000283432677c0 WorkerThread "G1 Conc#0"                       [id=21532, stack(0x000000bc84900000,0x000000bc84a00000) (1024K)]
  0x0000028301ec55a0 WorkerThread "G1 Conc#1"                       [id=16532, stack(0x000000bc86e00000,0x000000bc86f00000) (1024K)]
  0x0000028301ec5ce0 WorkerThread "G1 Conc#2"                       [id=20636, stack(0x000000bc86f00000,0x000000bc87000000) (1024K)]
  0x00000283432beb50 ConcurrentGCThread "G1 Refine#0"               [id=5480, stack(0x000000bc84a00000,0x000000bc84b00000) (1024K)]
  0x000002835febe890 ConcurrentGCThread "G1 Service"                [id=15644, stack(0x000000bc84b00000,0x000000bc84c00000) (1024K)]
Total: 18

Threads with active compile tasks:
C2 CompilerThread0    37877 14683   !   4       java.io.WinNTFileSystem::resolve (362 bytes)
Total: 1

VM state: at safepoint (normal execution)

VM Mutex/Monitor currently owned by a thread:  ([mutex/lock_event])
[0x00007ff8c2137e98] Threads_lock - owner thread: 0x0000028360013e10
[0x00007ff8c2137f98] Heap_lock - owner thread: 0x0000028343266520

Heap address: 0x0000000080000000, size: 2048 MB, Compressed Oops mode: 32-bit

CDS archive(s) mapped at: [0x0000028361000000-0x0000028361c90000-0x0000028361c90000), size 13172736, SharedBaseAddress: 0x0000028361000000, ArchiveRelocationMode: 1.
Compressed class space mapped at: 0x0000028362000000-0x000002837c000000, reserved size: 436207616
Narrow klass base: 0x0000028361000000, Narrow klass shift: 0, Narrow klass range: 0x100000000

GC Precious Log:
 CardTable entry size: 512
 Card Set container configuration: InlinePtr #cards 5 size 8 Array Of Cards #cards 12 size 40 Howl #buckets 4 coarsen threshold 1843 Howl Bitmap #cards 512 size 80 coarsen threshold 460 Card regions per heap region 1 cards per card region 2048
 CPUs: 12 total, 12 available
 Memory: 8143M
 Large Page Support: Disabled
 NUMA Support: Disabled
 Compressed Oops: Enabled (32-bit)
 Heap Region Size: 1M
 Heap Min Capacity: 8M
 Heap Initial Capacity: 128M
 Heap Max Capacity: 2G
 Pre-touch: Disabled
 Parallel Workers: 10
 Concurrent Workers: 3
 Concurrent Refinement Workers: 10
 Periodic GC: Disabled

Heap:
 garbage-first heap   total 203776K, used 143204K [0x0000000080000000, 0x0000000100000000)
  region size 1024K, 15 young (15360K), 7 survivors (7168K)
 Metaspace       used 118257K, committed 120768K, reserved 557056K
  class space    used 16616K, committed 17856K, reserved 425984K

Heap Regions: E=young(eden), S=young(survivor), O=old, HS=humongous(starts), HC=humongous(continues), CS=collection set, F=free, TAMS=top-at-mark-start, PB=parsable bottom
|   0|0x0000000080000000, 0x0000000080100000, 0x0000000080100000|100%|HS|  |TAMS 0x0000000080100000| PB 0x0000000080000000| Complete 
|   1|0x0000000080100000, 0x0000000080200000, 0x0000000080200000|100%|HC|  |TAMS 0x0000000080200000| PB 0x0000000080100000| Complete 
|   2|0x0000000080200000, 0x0000000080300000, 0x0000000080300000|100%|HC|  |TAMS 0x0000000080300000| PB 0x0000000080200000| Complete 
|   3|0x0000000080300000, 0x0000000080400000, 0x0000000080400000|100%|HC|  |TAMS 0x0000000080400000| PB 0x0000000080300000| Complete 
|   4|0x0000000080400000, 0x0000000080500000, 0x0000000080500000|100%| O|  |TAMS 0x0000000080500000| PB 0x0000000080500000| Untracked 
|   5|0x0000000080500000, 0x0000000080600000, 0x0000000080600000|100%| O|  |TAMS 0x0000000080600000| PB 0x0000000080600000| Untracked 
|   6|0x0000000080600000, 0x0000000080700000, 0x0000000080700000|100%| O|  |TAMS 0x0000000080700000| PB 0x0000000080700000| Untracked 
|   7|0x0000000080700000, 0x0000000080800000, 0x0000000080800000|100%| O|  |TAMS 0x0000000080800000| PB 0x0000000080800000| Untracked 
|   8|0x0000000080800000, 0x0000000080900000, 0x0000000080900000|100%| O|  |TAMS 0x0000000080900000| PB 0x0000000080900000| Untracked 
|   9|0x0000000080900000, 0x0000000080a00000, 0x0000000080a00000|100%| O|  |TAMS 0x0000000080a00000| PB 0x0000000080a00000| Untracked 
|  10|0x0000000080a00000, 0x0000000080b00000, 0x0000000080b00000|100%| O|  |TAMS 0x0000000080b00000| PB 0x0000000080b00000| Updating 
|  11|0x0000000080b00000, 0x0000000080c00000, 0x0000000080c00000|100%| O|  |TAMS 0x0000000080c00000| PB 0x0000000080c00000| Untracked 
|  12|0x0000000080c00000, 0x0000000080d00000, 0x0000000080d00000|100%| O|  |TAMS 0x0000000080d00000| PB 0x0000000080d00000| Untracked 
|  13|0x0000000080d00000, 0x0000000080e00000, 0x0000000080e00000|100%| O|  |TAMS 0x0000000080e00000| PB 0x0000000080e00000| Untracked 
|  14|0x0000000080e00000, 0x0000000080f00000, 0x0000000080f00000|100%| O|  |TAMS 0x0000000080f00000| PB 0x0000000080f00000| Untracked 
|  15|0x0000000080f00000, 0x0000000081000000, 0x0000000081000000|100%| O|  |TAMS 0x0000000081000000| PB 0x0000000081000000| Untracked 
|  16|0x0000000081000000, 0x0000000081100000, 0x0000000081100000|100%| O|  |TAMS 0x0000000081100000| PB 0x0000000081100000| Untracked 
|  17|0x0000000081100000, 0x0000000081200000, 0x0000000081200000|100%| O|  |TAMS 0x0000000081200000| PB 0x0000000081200000| Untracked 
|  18|0x0000000081200000, 0x0000000081300000, 0x0000000081300000|100%| O|  |TAMS 0x0000000081300000| PB 0x0000000081300000| Untracked 
|  19|0x0000000081300000, 0x0000000081400000, 0x0000000081400000|100%| O|  |TAMS 0x0000000081400000| PB 0x0000000081400000| Untracked 
|  20|0x0000000081400000, 0x0000000081500000, 0x0000000081500000|100%| O|  |TAMS 0x0000000081500000| PB 0x0000000081500000| Untracked 
|  21|0x0000000081500000, 0x0000000081600000, 0x0000000081600000|100%| O|  |TAMS 0x0000000081600000| PB 0x0000000081600000| Untracked 
|  22|0x0000000081600000, 0x0000000081700000, 0x0000000081700000|100%| O|  |TAMS 0x0000000081700000| PB 0x0000000081700000| Untracked 
|  23|0x0000000081700000, 0x0000000081800000, 0x0000000081800000|100%| O|  |TAMS 0x0000000081800000| PB 0x0000000081800000| Untracked 
|  24|0x0000000081800000, 0x0000000081900000, 0x0000000081900000|100%| O|  |TAMS 0x0000000081900000| PB 0x0000000081900000| Untracked 
|  25|0x0000000081900000, 0x0000000081a00000, 0x0000000081a00000|100%| O|  |TAMS 0x0000000081a00000| PB 0x0000000081a00000| Untracked 
|  26|0x0000000081a00000, 0x0000000081b00000, 0x0000000081b00000|100%| O|  |TAMS 0x0000000081b00000| PB 0x0000000081b00000| Updating 
|  27|0x0000000081b00000, 0x0000000081b00000, 0x0000000081c00000|  0%| F|  |TAMS 0x0000000081b00000| PB 0x0000000081b00000| Untracked 
|  28|0x0000000081c00000, 0x0000000081d00000, 0x0000000081d00000|100%| O|  |TAMS 0x0000000081d00000| PB 0x0000000081d00000| Untracked 
|  29|0x0000000081d00000, 0x0000000081e00000, 0x0000000081e00000|100%| O|  |TAMS 0x0000000081e00000| PB 0x0000000081e00000| Untracked 
|  30|0x0000000081e00000, 0x0000000081f00000, 0x0000000081f00000|100%| O|  |TAMS 0x0000000081f00000| PB 0x0000000081f00000| Untracked 
|  31|0x0000000081f00000, 0x0000000082000000, 0x0000000082000000|100%| O|  |TAMS 0x0000000082000000| PB 0x0000000082000000| Untracked 
|  32|0x0000000082000000, 0x0000000082100000, 0x0000000082100000|100%| O|  |TAMS 0x0000000082100000| PB 0x0000000082100000| Untracked 
|  33|0x0000000082100000, 0x0000000082200000, 0x0000000082200000|100%| O|  |TAMS 0x0000000082200000| PB 0x0000000082200000| Untracked 
|  34|0x0000000082200000, 0x0000000082300000, 0x0000000082300000|100%| O|  |TAMS 0x0000000082300000| PB 0x0000000082300000| Untracked 
|  35|0x0000000082300000, 0x0000000082400000, 0x0000000082400000|100%| O|  |TAMS 0x0000000082400000| PB 0x0000000082400000| Untracked 
|  36|0x0000000082400000, 0x0000000082500000, 0x0000000082500000|100%| O|  |TAMS 0x0000000082500000| PB 0x0000000082500000| Untracked 
|  37|0x0000000082500000, 0x0000000082600000, 0x0000000082600000|100%| O|  |TAMS 0x0000000082600000| PB 0x0000000082600000| Untracked 
|  38|0x0000000082600000, 0x0000000082700000, 0x0000000082700000|100%| O|  |TAMS 0x0000000082700000| PB 0x0000000082700000| Untracked 
|  39|0x0000000082700000, 0x0000000082800000, 0x0000000082800000|100%| O|  |TAMS 0x0000000082800000| PB 0x0000000082800000| Untracked 
|  40|0x0000000082800000, 0x0000000082900000, 0x0000000082900000|100%| O|  |TAMS 0x0000000082900000| PB 0x0000000082900000| Untracked 
|  41|0x0000000082900000, 0x0000000082a00000, 0x0000000082a00000|100%|HS|  |TAMS 0x0000000082a00000| PB 0x0000000082900000| Complete 
|  42|0x0000000082a00000, 0x0000000082b00000, 0x0000000082b00000|100%|HC|  |TAMS 0x0000000082b00000| PB 0x0000000082a00000| Complete 
|  43|0x0000000082b00000, 0x0000000082c00000, 0x0000000082c00000|100%|HS|  |TAMS 0x0000000082c00000| PB 0x0000000082b00000| Complete 
|  44|0x0000000082c00000, 0x0000000082d00000, 0x0000000082d00000|100%|HC|  |TAMS 0x0000000082d00000| PB 0x0000000082c00000| Complete 
|  45|0x0000000082d00000, 0x0000000082e00000, 0x0000000082e00000|100%| O|  |TAMS 0x0000000082e00000| PB 0x0000000082e00000| Untracked 
|  46|0x0000000082e00000, 0x0000000082f00000, 0x0000000082f00000|100%| O|  |TAMS 0x0000000082f00000| PB 0x0000000082f00000| Untracked 
|  47|0x0000000082f00000, 0x0000000083000000, 0x0000000083000000|100%| O|  |TAMS 0x0000000083000000| PB 0x0000000083000000| Updating 
|  48|0x0000000083000000, 0x0000000083100000, 0x0000000083100000|100%| O|  |TAMS 0x0000000083100000| PB 0x0000000083100000| Updating 
|  49|0x0000000083100000, 0x0000000083200000, 0x0000000083200000|100%|HS|  |TAMS 0x0000000083200000| PB 0x0000000083100000| Complete 
|  50|0x0000000083200000, 0x0000000083300000, 0x0000000083300000|100%|HC|  |TAMS 0x0000000083300000| PB 0x0000000083200000| Complete 
|  51|0x0000000083300000, 0x0000000083400000, 0x0000000083400000|100%|HC|  |TAMS 0x0000000083400000| PB 0x0000000083300000| Complete 
|  52|0x0000000083400000, 0x0000000083500000, 0x0000000083500000|100%|HC|  |TAMS 0x0000000083500000| PB 0x0000000083400000| Complete 
|  53|0x0000000083500000, 0x0000000083600000, 0x0000000083600000|100%|HS|  |TAMS 0x0000000083600000| PB 0x0000000083500000| Complete 
|  54|0x0000000083600000, 0x0000000083700000, 0x0000000083700000|100%|HC|  |TAMS 0x0000000083700000| PB 0x0000000083600000| Complete 
|  55|0x0000000083700000, 0x0000000083800000, 0x0000000083800000|100%|HC|  |TAMS 0x0000000083800000| PB 0x0000000083700000| Complete 
|  56|0x0000000083800000, 0x0000000083900000, 0x0000000083900000|100%|HC|  |TAMS 0x0000000083900000| PB 0x0000000083800000| Complete 
|  57|0x0000000083900000, 0x0000000083a00000, 0x0000000083a00000|100%|HS|  |TAMS 0x0000000083a00000| PB 0x0000000083900000| Complete 
|  58|0x0000000083a00000, 0x0000000083b00000, 0x0000000083b00000|100%| O|  |TAMS 0x0000000083b00000| PB 0x0000000083b00000| Untracked 
|  59|0x0000000083b00000, 0x0000000083c00000, 0x0000000083c00000|100%| O|  |TAMS 0x0000000083c00000| PB 0x0000000083c00000| Updating 
|  60|0x0000000083c00000, 0x0000000083d00000, 0x0000000083d00000|100%| O|  |TAMS 0x0000000083d00000| PB 0x0000000083d00000| Updating 
|  61|0x0000000083d00000, 0x0000000083e00000, 0x0000000083e00000|100%| O|  |TAMS 0x0000000083e00000| PB 0x0000000083e00000| Untracked 
|  62|0x0000000083e00000, 0x0000000083f00000, 0x0000000083f00000|100%| O|  |TAMS 0x0000000083f00000| PB 0x0000000083f00000| Untracked 
|  63|0x0000000083f00000, 0x0000000084000000, 0x0000000084000000|100%| O|  |TAMS 0x0000000084000000| PB 0x0000000084000000| Untracked 
|  64|0x0000000084000000, 0x0000000084100000, 0x0000000084100000|100%| O|  |TAMS 0x0000000084100000| PB 0x0000000084100000| Untracked 
|  65|0x0000000084100000, 0x0000000084200000, 0x0000000084200000|100%| O|  |TAMS 0x0000000084200000| PB 0x0000000084200000| Untracked 
|  66|0x0000000084200000, 0x0000000084300000, 0x0000000084300000|100%| O|  |TAMS 0x0000000084300000| PB 0x0000000084300000| Untracked 
|  67|0x0000000084300000, 0x0000000084400000, 0x0000000084400000|100%| O|  |TAMS 0x0000000084400000| PB 0x0000000084400000| Untracked 
|  68|0x0000000084400000, 0x0000000084500000, 0x0000000084500000|100%| O|  |TAMS 0x0000000084500000| PB 0x0000000084500000| Updating 
|  69|0x0000000084500000, 0x0000000084600000, 0x0000000084600000|100%| O|  |TAMS 0x0000000084600000| PB 0x0000000084600000| Updating 
|  70|0x0000000084600000, 0x0000000084700000, 0x0000000084700000|100%|HS|  |TAMS 0x0000000084700000| PB 0x0000000084600000| Complete 
|  71|0x0000000084700000, 0x0000000084800000, 0x0000000084800000|100%|HS|  |TAMS 0x0000000084800000| PB 0x0000000084700000| Complete 
|  72|0x0000000084800000, 0x0000000084900000, 0x0000000084900000|100%| O|  |TAMS 0x0000000084900000| PB 0x0000000084900000| Untracked 
|  73|0x0000000084900000, 0x0000000084a00000, 0x0000000084a00000|100%|HS|  |TAMS 0x0000000084a00000| PB 0x0000000084900000| Complete 
|  74|0x0000000084a00000, 0x0000000084b00000, 0x0000000084b00000|100%|HS|  |TAMS 0x0000000084b00000| PB 0x0000000084a00000| Complete 
|  75|0x0000000084b00000, 0x0000000084c00000, 0x0000000084c00000|100%| O|  |TAMS 0x0000000084c00000| PB 0x0000000084c00000| Untracked 
|  76|0x0000000084c00000, 0x0000000084d00000, 0x0000000084d00000|100%| O|  |TAMS 0x0000000084d00000| PB 0x0000000084d00000| Untracked 
|  77|0x0000000084d00000, 0x0000000084e00000, 0x0000000084e00000|100%| O|  |TAMS 0x0000000084e00000| PB 0x0000000084e00000| Untracked 
|  78|0x0000000084e00000, 0x0000000084f00000, 0x0000000084f00000|100%| O|  |TAMS 0x0000000084f00000| PB 0x0000000084f00000| Untracked 
|  79|0x0000000084f00000, 0x0000000085000000, 0x0000000085000000|100%| O|  |TAMS 0x0000000085000000| PB 0x0000000085000000| Untracked 
|  80|0x0000000085000000, 0x0000000085100000, 0x0000000085100000|100%| O|  |TAMS 0x0000000085100000| PB 0x0000000085100000| Untracked 
|  81|0x0000000085100000, 0x0000000085200000, 0x0000000085200000|100%| O|  |TAMS 0x0000000085200000| PB 0x0000000085200000| Untracked 
|  82|0x0000000085200000, 0x0000000085300000, 0x0000000085300000|100%| O|  |TAMS 0x0000000085300000| PB 0x0000000085300000| Untracked 
|  83|0x0000000085300000, 0x0000000085400000, 0x0000000085400000|100%| O|  |TAMS 0x0000000085400000| PB 0x0000000085400000| Untracked 
|  84|0x0000000085400000, 0x0000000085500000, 0x0000000085500000|100%| O|  |TAMS 0x0000000085500000| PB 0x0000000085500000| Untracked 
|  85|0x0000000085500000, 0x0000000085600000, 0x0000000085600000|100%| O|  |TAMS 0x0000000085600000| PB 0x0000000085600000| Untracked 
|  86|0x0000000085600000, 0x0000000085700000, 0x0000000085700000|100%| O|  |TAMS 0x0000000085700000| PB 0x0000000085700000| Untracked 
|  87|0x0000000085700000, 0x0000000085800000, 0x0000000085800000|100%| O|  |TAMS 0x0000000085800000| PB 0x0000000085800000| Updating 
|  88|0x0000000085800000, 0x0000000085900000, 0x0000000085900000|100%| O|  |TAMS 0x0000000085900000| PB 0x0000000085900000| Untracked 
|  89|0x0000000085900000, 0x0000000085a00000, 0x0000000085a00000|100%| O|  |TAMS 0x0000000085a00000| PB 0x0000000085a00000| Updating 
|  90|0x0000000085a00000, 0x0000000085b00000, 0x0000000085b00000|100%| O|  |TAMS 0x0000000085b00000| PB 0x0000000085b00000| Updating 
|  91|0x0000000085b00000, 0x0000000085b00000, 0x0000000085c00000|  0%| F|  |TAMS 0x0000000085b00000| PB 0x0000000085b00000| Untracked 
|  92|0x0000000085c00000, 0x0000000085d00000, 0x0000000085d00000|100%| O|  |TAMS 0x0000000085d00000| PB 0x0000000085d00000| Untracked 
|  93|0x0000000085d00000, 0x0000000085e00000, 0x0000000085e00000|100%| O|  |TAMS 0x0000000085e00000| PB 0x0000000085e00000| Untracked 
|  94|0x0000000085e00000, 0x0000000085f00000, 0x0000000085f00000|100%| O|  |TAMS 0x0000000085f00000| PB 0x0000000085f00000| Untracked 
|  95|0x0000000085f00000, 0x0000000086000000, 0x0000000086000000|100%| O|  |TAMS 0x0000000086000000| PB 0x0000000086000000| Updating 
|  96|0x0000000086000000, 0x0000000086100000, 0x0000000086100000|100%| O|  |TAMS 0x0000000086100000| PB 0x0000000086100000| Untracked 
|  97|0x0000000086100000, 0x0000000086200000, 0x0000000086200000|100%| O|  |TAMS 0x0000000086200000| PB 0x0000000086200000| Untracked 
|  98|0x0000000086200000, 0x0000000086300000, 0x0000000086300000|100%| O|  |TAMS 0x0000000086300000| PB 0x0000000086300000| Untracked 
|  99|0x0000000086300000, 0x0000000086400000, 0x0000000086400000|100%| O|  |TAMS 0x0000000086400000| PB 0x0000000086400000| Untracked 
| 100|0x0000000086400000, 0x0000000086500000, 0x0000000086500000|100%| O|  |TAMS 0x0000000086500000| PB 0x0000000086500000| Untracked 
| 101|0x0000000086500000, 0x0000000086600000, 0x0000000086600000|100%| O|  |TAMS 0x0000000086600000| PB 0x0000000086600000| Untracked 
| 102|0x0000000086600000, 0x0000000086700000, 0x0000000086700000|100%| O|  |TAMS 0x0000000086700000| PB 0x0000000086700000| Updating 
| 103|0x0000000086700000, 0x0000000086800000, 0x0000000086800000|100%| O|  |TAMS 0x0000000086800000| PB 0x0000000086800000| Untracked 
| 104|0x0000000086800000, 0x0000000086900000, 0x0000000086900000|100%|HS|  |TAMS 0x0000000086900000| PB 0x0000000086800000| Complete 
| 105|0x0000000086900000, 0x0000000086a00000, 0x0000000086a00000|100%|HS|  |TAMS 0x0000000086a00000| PB 0x0000000086900000| Complete 
| 106|0x0000000086a00000, 0x0000000086b00000, 0x0000000086b00000|100%|HS|  |TAMS 0x0000000086b00000| PB 0x0000000086a00000| Complete 
| 107|0x0000000086b00000, 0x0000000086c00000, 0x0000000086c00000|100%|HC|  |TAMS 0x0000000086c00000| PB 0x0000000086b00000| Complete 
| 108|0x0000000086c00000, 0x0000000086d00000, 0x0000000086d00000|100%| O|  |TAMS 0x0000000086d00000| PB 0x0000000086d00000| Untracked 
| 109|0x0000000086d00000, 0x0000000086e00000, 0x0000000086e00000|100%| O|  |TAMS 0x0000000086e00000| PB 0x0000000086e00000| Untracked 
| 110|0x0000000086e00000, 0x0000000086f00000, 0x0000000086f00000|100%| O|  |TAMS 0x0000000086f00000| PB 0x0000000086f00000| Untracked 
| 111|0x0000000086f00000, 0x0000000087000000, 0x0000000087000000|100%| O|  |TAMS 0x0000000087000000| PB 0x0000000087000000| Untracked 
| 112|0x0000000087000000, 0x0000000087100000, 0x0000000087100000|100%| O|  |TAMS 0x0000000087100000| PB 0x0000000087100000| Untracked 
| 113|0x0000000087100000, 0x0000000087200000, 0x0000000087200000|100%| O|  |TAMS 0x0000000087200000| PB 0x0000000087200000| Untracked 
| 114|0x0000000087200000, 0x0000000087300000, 0x0000000087300000|100%| O|  |TAMS 0x0000000087300000| PB 0x0000000087300000| Untracked 
| 115|0x0000000087300000, 0x0000000087400000, 0x0000000087400000|100%| O|  |TAMS 0x0000000087400000| PB 0x0000000087400000| Untracked 
| 116|0x0000000087400000, 0x0000000087500000, 0x0000000087500000|100%| O|  |TAMS 0x0000000087500000| PB 0x0000000087500000| Updating 
| 117|0x0000000087500000, 0x0000000087600000, 0x0000000087600000|100%| O|  |TAMS 0x0000000087600000| PB 0x0000000087600000| Untracked 
| 118|0x0000000087600000, 0x0000000087700000, 0x0000000087700000|100%| O|  |TAMS 0x0000000087700000| PB 0x0000000087700000| Untracked 
| 119|0x0000000087700000, 0x0000000087800000, 0x0000000087800000|100%| O|  |TAMS 0x0000000087800000| PB 0x0000000087800000| Untracked 
| 120|0x0000000087800000, 0x0000000087900000, 0x0000000087900000|100%| O|  |TAMS 0x0000000087900000| PB 0x0000000087900000| Untracked 
| 121|0x0000000087900000, 0x0000000087a00000, 0x0000000087a00000|100%| O|  |TAMS 0x0000000087a00000| PB 0x0000000087a00000| Untracked 
| 122|0x0000000087a00000, 0x0000000087b00000, 0x0000000087b00000|100%| O|  |TAMS 0x0000000087b00000| PB 0x0000000087b00000| Untracked 
| 123|0x0000000087b00000, 0x0000000087c00000, 0x0000000087c00000|100%| O|  |TAMS 0x0000000087c00000| PB 0x0000000087c00000| Untracked 
| 124|0x0000000087c00000, 0x0000000087d00000, 0x0000000087d00000|100%| O|  |TAMS 0x0000000087d00000| PB 0x0000000087d00000| Untracked 
| 125|0x0000000087d00000, 0x0000000087e00000, 0x0000000087e00000|100%| O|  |TAMS 0x0000000087e00000| PB 0x0000000087e00000| Updating 
| 126|0x0000000087e00000, 0x0000000087e6ffd8, 0x0000000087f00000| 43%| O|  |TAMS 0x0000000087e6ffd8| PB 0x0000000087e6ffd8| Updating 
| 127|0x0000000087f00000, 0x0000000087f00000, 0x0000000088000000|  0%| F|  |TAMS 0x0000000087f00000| PB 0x0000000087f00000| Untracked 
| 128|0x0000000088000000, 0x0000000088000000, 0x0000000088100000|  0%| F|  |TAMS 0x0000000088000000| PB 0x0000000088000000| Untracked 
| 129|0x0000000088100000, 0x0000000088100000, 0x0000000088200000|  0%| F|  |TAMS 0x0000000088100000| PB 0x0000000088100000| Untracked 
| 130|0x0000000088200000, 0x0000000088200000, 0x0000000088300000|  0%| F|  |TAMS 0x0000000088200000| PB 0x0000000088200000| Untracked 
| 131|0x0000000088300000, 0x0000000088300000, 0x0000000088400000|  0%| F|  |TAMS 0x0000000088300000| PB 0x0000000088300000| Untracked 
| 132|0x0000000088400000, 0x0000000088400000, 0x0000000088500000|  0%| F|  |TAMS 0x0000000088400000| PB 0x0000000088400000| Untracked 
| 133|0x0000000088500000, 0x0000000088500000, 0x0000000088600000|  0%| F|  |TAMS 0x0000000088500000| PB 0x0000000088500000| Untracked 
| 134|0x0000000088600000, 0x0000000088600000, 0x0000000088700000|  0%| F|  |TAMS 0x0000000088600000| PB 0x0000000088600000| Untracked 
| 135|0x0000000088700000, 0x0000000088700000, 0x0000000088800000|  0%| F|  |TAMS 0x0000000088700000| PB 0x0000000088700000| Untracked 
| 136|0x0000000088800000, 0x0000000088800000, 0x0000000088900000|  0%| F|  |TAMS 0x0000000088800000| PB 0x0000000088800000| Untracked 
| 137|0x0000000088900000, 0x0000000088900000, 0x0000000088a00000|  0%| F|  |TAMS 0x0000000088900000| PB 0x0000000088900000| Untracked 
| 138|0x0000000088a00000, 0x0000000088a00000, 0x0000000088b00000|  0%| F|  |TAMS 0x0000000088a00000| PB 0x0000000088a00000| Untracked 
| 139|0x0000000088b00000, 0x0000000088b00000, 0x0000000088c00000|  0%| F|  |TAMS 0x0000000088b00000| PB 0x0000000088b00000| Untracked 
| 140|0x0000000088c00000, 0x0000000088c69200, 0x0000000088d00000| 41%| S|CS|TAMS 0x0000000088c00000| PB 0x0000000088c00000| Complete 
| 141|0x0000000088d00000, 0x0000000088e00000, 0x0000000088e00000|100%| S|CS|TAMS 0x0000000088d00000| PB 0x0000000088d00000| Complete 
| 142|0x0000000088e00000, 0x0000000088f00000, 0x0000000088f00000|100%| S|CS|TAMS 0x0000000088e00000| PB 0x0000000088e00000| Complete 
| 143|0x0000000088f00000, 0x0000000089000000, 0x0000000089000000|100%| S|CS|TAMS 0x0000000088f00000| PB 0x0000000088f00000| Complete 
| 144|0x0000000089000000, 0x0000000089100000, 0x0000000089100000|100%| S|CS|TAMS 0x0000000089000000| PB 0x0000000089000000| Complete 
| 145|0x0000000089100000, 0x0000000089200000, 0x0000000089200000|100%| S|CS|TAMS 0x0000000089100000| PB 0x0000000089100000| Complete 
| 146|0x0000000089200000, 0x0000000089300000, 0x0000000089300000|100%| S|CS|TAMS 0x0000000089200000| PB 0x0000000089200000| Complete 
| 147|0x0000000089300000, 0x0000000089300000, 0x0000000089400000|  0%| F|  |TAMS 0x0000000089300000| PB 0x0000000089300000| Untracked 
| 148|0x0000000089400000, 0x0000000089400000, 0x0000000089500000|  0%| F|  |TAMS 0x0000000089400000| PB 0x0000000089400000| Untracked 
| 149|0x0000000089500000, 0x0000000089500000, 0x0000000089600000|  0%| F|  |TAMS 0x0000000089500000| PB 0x0000000089500000| Untracked 
| 150|0x0000000089600000, 0x0000000089600000, 0x0000000089700000|  0%| F|  |TAMS 0x0000000089600000| PB 0x0000000089600000| Untracked 
| 151|0x0000000089700000, 0x0000000089700000, 0x0000000089800000|  0%| F|  |TAMS 0x0000000089700000| PB 0x0000000089700000| Untracked 
| 152|0x0000000089800000, 0x0000000089800000, 0x0000000089900000|  0%| F|  |TAMS 0x0000000089800000| PB 0x0000000089800000| Untracked 
| 153|0x0000000089900000, 0x0000000089900000, 0x0000000089a00000|  0%| F|  |TAMS 0x0000000089900000| PB 0x0000000089900000| Untracked 
| 154|0x0000000089a00000, 0x0000000089a00000, 0x0000000089b00000|  0%| F|  |TAMS 0x0000000089a00000| PB 0x0000000089a00000| Untracked 
| 155|0x0000000089b00000, 0x0000000089b00000, 0x0000000089c00000|  0%| F|  |TAMS 0x0000000089b00000| PB 0x0000000089b00000| Untracked 
| 156|0x0000000089c00000, 0x0000000089c00000, 0x0000000089d00000|  0%| F|  |TAMS 0x0000000089c00000| PB 0x0000000089c00000| Untracked 
| 157|0x0000000089d00000, 0x0000000089d00000, 0x0000000089e00000|  0%| F|  |TAMS 0x0000000089d00000| PB 0x0000000089d00000| Untracked 
| 158|0x0000000089e00000, 0x0000000089e00000, 0x0000000089f00000|  0%| F|  |TAMS 0x0000000089e00000| PB 0x0000000089e00000| Untracked 
| 159|0x0000000089f00000, 0x0000000089f00000, 0x000000008a000000|  0%| F|  |TAMS 0x0000000089f00000| PB 0x0000000089f00000| Untracked 
| 160|0x000000008a000000, 0x000000008a000000, 0x000000008a100000|  0%| F|  |TAMS 0x000000008a000000| PB 0x000000008a000000| Untracked 
| 161|0x000000008a100000, 0x000000008a100000, 0x000000008a200000|  0%| F|  |TAMS 0x000000008a100000| PB 0x000000008a100000| Untracked 
| 162|0x000000008a200000, 0x000000008a200000, 0x000000008a300000|  0%| F|  |TAMS 0x000000008a200000| PB 0x000000008a200000| Untracked 
| 163|0x000000008a300000, 0x000000008a300000, 0x000000008a400000|  0%| F|  |TAMS 0x000000008a300000| PB 0x000000008a300000| Untracked 
| 164|0x000000008a400000, 0x000000008a400000, 0x000000008a500000|  0%| F|  |TAMS 0x000000008a400000| PB 0x000000008a400000| Untracked 
| 165|0x000000008a500000, 0x000000008a500000, 0x000000008a600000|  0%| F|  |TAMS 0x000000008a500000| PB 0x000000008a500000| Untracked 
| 166|0x000000008a600000, 0x000000008a600000, 0x000000008a700000|  0%| F|  |TAMS 0x000000008a600000| PB 0x000000008a600000| Untracked 
| 167|0x000000008a700000, 0x000000008a700000, 0x000000008a800000|  0%| F|  |TAMS 0x000000008a700000| PB 0x000000008a700000| Untracked 
| 168|0x000000008a800000, 0x000000008a800000, 0x000000008a900000|  0%| F|  |TAMS 0x000000008a800000| PB 0x000000008a800000| Untracked 
| 169|0x000000008a900000, 0x000000008a900000, 0x000000008aa00000|  0%| F|  |TAMS 0x000000008a900000| PB 0x000000008a900000| Untracked 
| 170|0x000000008aa00000, 0x000000008aa00000, 0x000000008ab00000|  0%| F|  |TAMS 0x000000008aa00000| PB 0x000000008aa00000| Untracked 
| 171|0x000000008ab00000, 0x000000008ab00000, 0x000000008ac00000|  0%| F|  |TAMS 0x000000008ab00000| PB 0x000000008ab00000| Untracked 
| 172|0x000000008ac00000, 0x000000008ac00000, 0x000000008ad00000|  0%| F|  |TAMS 0x000000008ac00000| PB 0x000000008ac00000| Untracked 
| 173|0x000000008ad00000, 0x000000008ad00000, 0x000000008ae00000|  0%| F|  |TAMS 0x000000008ad00000| PB 0x000000008ad00000| Untracked 
| 174|0x000000008ae00000, 0x000000008ae00000, 0x000000008af00000|  0%| F|  |TAMS 0x000000008ae00000| PB 0x000000008ae00000| Untracked 
| 175|0x000000008af00000, 0x000000008af00000, 0x000000008b000000|  0%| F|  |TAMS 0x000000008af00000| PB 0x000000008af00000| Untracked 
| 176|0x000000008b000000, 0x000000008b000000, 0x000000008b100000|  0%| F|  |TAMS 0x000000008b000000| PB 0x000000008b000000| Untracked 
| 177|0x000000008b100000, 0x000000008b100000, 0x000000008b200000|  0%| F|  |TAMS 0x000000008b100000| PB 0x000000008b100000| Untracked 
| 178|0x000000008b200000, 0x000000008b200000, 0x000000008b300000|  0%| F|  |TAMS 0x000000008b200000| PB 0x000000008b200000| Untracked 
| 179|0x000000008b300000, 0x000000008b300000, 0x000000008b400000|  0%| F|  |TAMS 0x000000008b300000| PB 0x000000008b300000| Untracked 
| 180|0x000000008b400000, 0x000000008b400000, 0x000000008b500000|  0%| F|  |TAMS 0x000000008b400000| PB 0x000000008b400000| Untracked 
| 181|0x000000008b500000, 0x000000008b500000, 0x000000008b600000|  0%| F|  |TAMS 0x000000008b500000| PB 0x000000008b500000| Untracked 
| 182|0x000000008b600000, 0x000000008b600000, 0x000000008b700000|  0%| F|  |TAMS 0x000000008b600000| PB 0x000000008b600000| Untracked 
| 183|0x000000008b700000, 0x000000008b700000, 0x000000008b800000|  0%| F|  |TAMS 0x000000008b700000| PB 0x000000008b700000| Untracked 
| 184|0x000000008b800000, 0x000000008b800000, 0x000000008b900000|  0%| F|  |TAMS 0x000000008b800000| PB 0x000000008b800000| Untracked 
| 185|0x000000008b900000, 0x000000008b900000, 0x000000008ba00000|  0%| F|  |TAMS 0x000000008b900000| PB 0x000000008b900000| Untracked 
| 186|0x000000008ba00000, 0x000000008ba00000, 0x000000008bb00000|  0%| F|  |TAMS 0x000000008ba00000| PB 0x000000008ba00000| Untracked 
| 187|0x000000008bb00000, 0x000000008bb00000, 0x000000008bc00000|  0%| F|  |TAMS 0x000000008bb00000| PB 0x000000008bb00000| Untracked 
| 188|0x000000008bc00000, 0x000000008bc00000, 0x000000008bd00000|  0%| F|  |TAMS 0x000000008bc00000| PB 0x000000008bc00000| Untracked 
| 189|0x000000008bd00000, 0x000000008bd80800, 0x000000008be00000| 50%| E|  |TAMS 0x000000008bd00000| PB 0x000000008bd00000| Complete 
| 190|0x000000008be00000, 0x000000008bf00000, 0x000000008bf00000|100%| E|CS|TAMS 0x000000008be00000| PB 0x000000008be00000| Complete 
| 191|0x000000008bf00000, 0x000000008c000000, 0x000000008c000000|100%| E|CS|TAMS 0x000000008bf00000| PB 0x000000008bf00000| Complete 
| 192|0x000000008c000000, 0x000000008c100000, 0x000000008c100000|100%| E|CS|TAMS 0x000000008c000000| PB 0x000000008c000000| Complete 
| 193|0x000000008c100000, 0x000000008c200000, 0x000000008c200000|100%| E|CS|TAMS 0x000000008c100000| PB 0x000000008c100000| Complete 
| 194|0x000000008c200000, 0x000000008c300000, 0x000000008c300000|100%| E|CS|TAMS 0x000000008c200000| PB 0x000000008c200000| Complete 
| 195|0x000000008c300000, 0x000000008c400000, 0x000000008c400000|100%| E|CS|TAMS 0x000000008c300000| PB 0x000000008c300000| Complete 
| 196|0x000000008c400000, 0x000000008c500000, 0x000000008c500000|100%| E|CS|TAMS 0x000000008c400000| PB 0x000000008c400000| Complete 
|2046|0x00000000ffe00000, 0x00000000fff00000, 0x00000000fff00000|100%| O|  |TAMS 0x00000000fff00000| PB 0x00000000fff00000| Untracked 
|2047|0x00000000fff00000, 0x0000000100000000, 0x0000000100000000|100%| O|  |TAMS 0x0000000100000000| PB 0x0000000100000000| Untracked 

Card table byte_map: [0x000002835afd0000,0x000002835b3d0000] _byte_map_base: 0x000002835abd0000

Marking Bits: (CMBitMap*) 0x0000028343255a90
 Bits: [0x000002835b3d0000, 0x000002835d3d0000)

Polling page: 0x0000028340f60000

Metaspace:

Usage:
  Non-class:     99.26 MB used.
      Class:     16.23 MB used.
       Both:    115.49 MB used.

Virtual space:
  Non-class space:      128.00 MB reserved,     100.50 MB ( 79%) committed,  2 nodes.
      Class space:      416.00 MB reserved,      17.44 MB (  4%) committed,  1 nodes.
             Both:      544.00 MB reserved,     117.94 MB ( 22%) committed. 

Chunk freelists:
   Non-Class:  10.78 MB
       Class:  14.43 MB
        Both:  25.21 MB

MaxMetaspaceSize: 512.00 MB
CompressedClassSpaceSize: 416.00 MB
Initial GC threshold: 21.00 MB
Current GC threshold: 182.00 MB
CDS: on
 - commit_granule_bytes: 65536.
 - commit_granule_words: 8192.
 - virtual_space_node_default_size: 8388608.
 - enlarge_chunks_in_place: 1.
 - use_allocation_guard: 0.


Internal statistics:

num_allocs_failed_limit: 12.
num_arena_births: 4248.
num_arena_deaths: 4.
num_vsnodes_births: 3.
num_vsnodes_deaths: 0.
num_space_committed: 1887.
num_space_uncommitted: 0.
num_chunks_returned_to_freelist: 19.
num_chunks_taken_from_freelist: 9515.
num_chunk_merges: 13.
num_chunk_splits: 6249.
num_chunks_enlarged: 3983.
num_inconsistent_stats: 0.

CodeHeap 'non-profiled nmethods': size=120000Kb used=6310Kb max_used=6493Kb free=113690Kb
 bounds [0x0000028353140000, 0x00000283537a0000, 0x000002835a670000]
CodeHeap 'profiled nmethods': size=120000Kb used=24656Kb max_used=25709Kb free=95343Kb
 bounds [0x000002834b670000, 0x000002834cf90000, 0x0000028352ba0000]
CodeHeap 'non-nmethods': size=5760Kb used=2957Kb max_used=2996Kb free=2802Kb
 bounds [0x0000028352ba0000, 0x0000028352ea0000, 0x0000028353140000]
 total_blobs=13508 nmethods=12478 adapters=933
 compilation: enabled
              stopped_count=0, restarted_count=0
 full_count=0

Compilation events (20 events):
Event: 37.780 Thread 0x000002836005a960 14860       3       org.gradle.internal.model.StateTransitionController$InState::hasSeenStateAndNotTransitioning (28 bytes)
Event: 37.780 Thread 0x000002836005a960 nmethod 14860 0x000002834cf84a90 code [0x000002834cf84c60, 0x000002834cf84f88]
Event: 37.787 Thread 0x00000283600562a0 nmethod 14859 0x0000028353794890 code [0x0000028353794aa0, 0x00000283537954f8]
Event: 37.787 Thread 0x00000283600562a0 14861       4       java.lang.reflect.Field::copy (80 bytes)
Event: 37.790 Thread 0x00000283600562a0 nmethod 14861 0x0000028353795a10 code [0x0000028353795ba0, 0x0000028353795f60]
Event: 37.790 Thread 0x00000283600562a0 14863       4       org.gradle.internal.instantiation.generator.AbstractClassGenerator::isNameProperty (44 bytes)
Event: 37.792 Thread 0x00000283600562a0 nmethod 14863 0x0000028353796010 code [0x00000283537961c0, 0x0000028353796460]
Event: 37.792 Thread 0x00000283600562a0 14862       4       org.gradle.internal.reflect.MutablePropertyDetails::getGetters (8 bytes)
Event: 37.796 Thread 0x00000283600562a0 nmethod 14862 0x0000028353796690 code [0x0000028353796840, 0x0000028353796b28]
Event: 37.796 Thread 0x00000283600562a0 14737   !   4       java.lang.reflect.Field::declaredAnnotations (82 bytes)
Event: 37.799 Thread 0x00000283600562a0 nmethod 14737 0x0000028353796d10 code [0x0000028353796ee0, 0x00000283537973b8]
Event: 37.799 Thread 0x00000283600562a0 14683   !   4       java.io.WinNTFileSystem::resolve (362 bytes)
Event: 37.805 Thread 0x000002836005a960 14864       3       org.gradle.api.internal.provider.MappingProvider::mapValue (37 bytes)
Event: 37.806 Thread 0x000002836005a960 nmethod 14864 0x000002834cf85090 code [0x000002834cf852a0, 0x000002834cf85978]
Event: 37.807 Thread 0x000002836005a960 14866       3       org.gradle.internal.instantiation.generator.AsmBackedClassGenerator$ClassBuilderImpl::applyServiceInjectionToProperty (16 bytes)
Event: 37.808 Thread 0x000002836005a960 nmethod 14866 0x000002834cf85b90 code [0x000002834cf85ea0, 0x000002834cf86fa0]
Event: 37.808 Thread 0x000002836005a960 14867       3       org.gradle.internal.instantiation.generator.AsmBackedClassGenerator$ClassBuilderImpl::applyServiceInjectionToGetter (102 bytes)
Event: 37.811 Thread 0x000002836005a960 nmethod 14867 0x000002834cf87610 code [0x000002834cf87b00, 0x000002834cf8a0f0]
Event: 37.811 Thread 0x000002836005a960 14868       3       org.gradle.internal.instantiation.generator.AsmBackedClassGenerator$ClassBuilderImpl::lambda$applyServiceInjectionToGetter$20 (17 bytes)
Event: 37.811 Thread 0x000002836005a960 nmethod 14868 0x000002834cf8b090 code [0x000002834cf8b240, 0x000002834cf8b418]

GC Heap History (20 events):
Event: 24.952 GC heap before
{Heap before GC invocations=33 (full 0):
 garbage-first heap   total 174080K, used 146314K [0x0000000080000000, 0x0000000100000000)
  region size 1024K, 57 young (58368K), 7 survivors (7168K)
 Metaspace       used 92380K, committed 94528K, reserved 557056K
  class space    used 12975K, committed 14016K, reserved 425984K
}
Event: 24.957 GC heap after
{Heap after GC invocations=34 (full 0):
 garbage-first heap   total 174080K, used 97866K [0x0000000080000000, 0x0000000100000000)
  region size 1024K, 6 young (6144K), 6 survivors (6144K)
 Metaspace       used 92380K, committed 94528K, reserved 557056K
  class space    used 12975K, committed 14016K, reserved 425984K
}
Event: 30.391 GC heap before
{Heap before GC invocations=35 (full 0):
 garbage-first heap   total 176128K, used 149066K [0x0000000080000000, 0x0000000100000000)
  region size 1024K, 56 young (57344K), 6 survivors (6144K)
 Metaspace       used 93446K, committed 95680K, reserved 557056K
  class space    used 13114K, committed 14208K, reserved 425984K
}
Event: 30.396 GC heap after
{Heap after GC invocations=36 (full 0):
 garbage-first heap   total 176128K, used 102008K [0x0000000080000000, 0x0000000100000000)
  region size 1024K, 7 young (7168K), 7 survivors (7168K)
 Metaspace       used 93446K, committed 95680K, reserved 557056K
  class space    used 13114K, committed 14208K, reserved 425984K
}
Event: 31.028 GC heap before
{Heap before GC invocations=36 (full 0):
 garbage-first heap   total 176128K, used 154232K [0x0000000080000000, 0x0000000100000000)
  region size 1024K, 58 young (59392K), 7 survivors (7168K)
 Metaspace       used 96987K, committed 99264K, reserved 557056K
  class space    used 13736K, committed 14848K, reserved 425984K
}
Event: 31.033 GC heap after
{Heap after GC invocations=37 (full 0):
 garbage-first heap   total 176128K, used 102839K [0x0000000080000000, 0x0000000100000000)
  region size 1024K, 6 young (6144K), 6 survivors (6144K)
 Metaspace       used 96987K, committed 99264K, reserved 557056K
  class space    used 13736K, committed 14848K, reserved 425984K
}
Event: 31.699 GC heap before
{Heap before GC invocations=37 (full 0):
 garbage-first heap   total 176128K, used 156087K [0x0000000080000000, 0x0000000100000000)
  region size 1024K, 58 young (59392K), 6 survivors (6144K)
 Metaspace       used 100635K, committed 102912K, reserved 557056K
  class space    used 14296K, committed 15424K, reserved 425984K
}
Event: 31.703 GC heap after
{Heap after GC invocations=38 (full 0):
 garbage-first heap   total 176128K, used 105550K [0x0000000080000000, 0x0000000100000000)
  region size 1024K, 5 young (5120K), 5 survivors (5120K)
 Metaspace       used 100635K, committed 102912K, reserved 557056K
  class space    used 14296K, committed 15424K, reserved 425984K
}
Event: 32.282 GC heap before
{Heap before GC invocations=39 (full 0):
 garbage-first heap   total 183296K, used 157774K [0x0000000080000000, 0x0000000100000000)
  region size 1024K, 57 young (58368K), 5 survivors (5120K)
 Metaspace       used 103744K, committed 106112K, reserved 557056K
  class space    used 14792K, committed 16000K, reserved 425984K
}
Event: 32.287 GC heap after
{Heap after GC invocations=40 (full 0):
 garbage-first heap   total 183296K, used 108242K [0x0000000080000000, 0x0000000100000000)
  region size 1024K, 7 young (7168K), 7 survivors (7168K)
 Metaspace       used 103744K, committed 106112K, reserved 557056K
  class space    used 14792K, committed 16000K, reserved 425984K
}
Event: 33.101 GC heap before
{Heap before GC invocations=40 (full 0):
 garbage-first heap   total 183296K, used 165586K [0x0000000080000000, 0x0000000100000000)
  region size 1024K, 63 young (64512K), 7 survivors (7168K)
 Metaspace       used 108307K, committed 110720K, reserved 557056K
  class space    used 15293K, committed 16512K, reserved 425984K
}
Event: 33.108 GC heap after
{Heap after GC invocations=41 (full 0):
 garbage-first heap   total 183296K, used 111419K [0x0000000080000000, 0x0000000100000000)
  region size 1024K, 7 young (7168K), 7 survivors (7168K)
 Metaspace       used 108307K, committed 110720K, reserved 557056K
  class space    used 15293K, committed 16512K, reserved 425984K
}
Event: 33.797 GC heap before
{Heap before GC invocations=41 (full 0):
 garbage-first heap   total 183296K, used 154427K [0x0000000080000000, 0x0000000100000000)
  region size 1024K, 51 young (52224K), 7 survivors (7168K)
 Metaspace       used 109438K, committed 111808K, reserved 557056K
  class space    used 15443K, committed 16640K, reserved 425984K
}
Event: 33.804 GC heap after
{Heap after GC invocations=42 (full 0):
 garbage-first heap   total 183296K, used 116034K [0x0000000080000000, 0x0000000100000000)
  region size 1024K, 8 young (8192K), 8 survivors (8192K)
 Metaspace       used 109438K, committed 111808K, reserved 557056K
  class space    used 15443K, committed 16640K, reserved 425984K
}
Event: 34.985 GC heap before
{Heap before GC invocations=43 (full 0):
 garbage-first heap   total 203776K, used 166210K [0x0000000080000000, 0x0000000100000000)
  region size 1024K, 54 young (55296K), 8 survivors (8192K)
 Metaspace       used 111243K, committed 113728K, reserved 557056K
  class space    used 15677K, committed 16896K, reserved 425984K
}
Event: 34.993 GC heap after
{Heap after GC invocations=44 (full 0):
 garbage-first heap   total 203776K, used 128888K [0x0000000080000000, 0x0000000100000000)
  region size 1024K, 7 young (7168K), 7 survivors (7168K)
 Metaspace       used 111243K, committed 113728K, reserved 557056K
  class space    used 15677K, committed 16896K, reserved 425984K
}
Event: 37.045 GC heap before
{Heap before GC invocations=44 (full 0):
 garbage-first heap   total 203776K, used 180088K [0x0000000080000000, 0x0000000100000000)
  region size 1024K, 57 young (58368K), 7 survivors (7168K)
 Metaspace       used 115383K, committed 117824K, reserved 557056K
  class space    used 16278K, committed 17472K, reserved 425984K
}
Event: 37.051 GC heap after
{Heap after GC invocations=45 (full 0):
 garbage-first heap   total 203776K, used 131840K [0x0000000080000000, 0x0000000100000000)
  region size 1024K, 3 young (3072K), 3 survivors (3072K)
 Metaspace       used 115383K, committed 117824K, reserved 557056K
  class space    used 16278K, committed 17472K, reserved 425984K
}
Event: 37.732 GC heap before
{Heap before GC invocations=45 (full 0):
 garbage-first heap   total 203776K, used 183040K [0x0000000080000000, 0x0000000100000000)
  region size 1024K, 53 young (54272K), 3 survivors (3072K)
 Metaspace       used 117927K, committed 120384K, reserved 557056K
  class space    used 16572K, committed 17792K, reserved 425984K
}
Event: 37.737 GC heap after
{Heap after GC invocations=46 (full 0):
 garbage-first heap   total 203776K, used 136036K [0x0000000080000000, 0x0000000100000000)
  region size 1024K, 7 young (7168K), 7 survivors (7168K)
 Metaspace       used 117927K, committed 120384K, reserved 557056K
  class space    used 16572K, committed 17792K, reserved 425984K
}

Dll operation events (15 events):
Event: 0.030 Loaded shared library C:\Program Files\Java\jdk-21\bin\java.dll
Event: 0.102 Loaded shared library C:\Program Files\Java\jdk-21\bin\jsvml.dll
Event: 0.194 Loaded shared library C:\Program Files\Java\jdk-21\bin\zip.dll
Event: 0.201 Loaded shared library C:\Program Files\Java\jdk-21\bin\instrument.dll
Event: 0.218 Loaded shared library C:\Program Files\Java\jdk-21\bin\net.dll
Event: 0.236 Loaded shared library C:\Program Files\Java\jdk-21\bin\nio.dll
Event: 0.247 Loaded shared library C:\Program Files\Java\jdk-21\bin\zip.dll
Event: 0.791 Loaded shared library C:\Program Files\Java\jdk-21\bin\jimage.dll
Event: 0.890 Loaded shared library C:\Program Files\Java\jdk-21\bin\verify.dll
Event: 1.206 Loaded shared library C:\Users\Alex\.gradle\native\c067742578af261105cb4f569cf0c3c89f3d7b1fecec35dd04571415982c5e48\windows-amd64\native-platform.dll
Event: 1.436 Loaded shared library C:\Users\Alex\.gradle\native\38dada09dfb8b06ba9b0570ebf7e218e3eb74d4ef43ca46872605cf95ebc2f47\windows-amd64\native-platform-file-events.dll
Event: 3.020 Loaded shared library C:\Program Files\Java\jdk-21\bin\management.dll
Event: 3.029 Loaded shared library C:\Program Files\Java\jdk-21\bin\management_ext.dll
Event: 3.404 Loaded shared library C:\Program Files\Java\jdk-21\bin\extnet.dll
Event: 3.551 Loaded shared library C:\Program Files\Java\jdk-21\bin\sunmscapi.dll

Deoptimization events (20 events):
Event: 37.693 Thread 0x000002830114e5f0 DEOPT PACKING pc=0x000002834c7b43c3 sp=0x000000bc862f9bc0
Event: 37.693 Thread 0x000002830114e5f0 DEOPT UNPACKING pc=0x0000028352bf4e42 sp=0x000000bc862f90c0 mode 0
Event: 37.699 Thread 0x000002830114e5f0 Uncommon trap: trap_request=0xffffffd6 fr.pc=0x00000283537894c8 relative=0x00000000000003a8
Event: 37.699 Thread 0x000002830114e5f0 Uncommon trap: reason=array_check action=maybe_recompile pc=0x00000283537894c8 method=java.util.LinkedHashMap.keysToArray([Ljava/lang/Object;Z)[Ljava/lang/Object; @ 67 c2
Event: 37.699 Thread 0x000002830114e5f0 DEOPT PACKING pc=0x00000283537894c8 sp=0x000000bc862f83b0
Event: 37.699 Thread 0x000002830114e5f0 DEOPT UNPACKING pc=0x0000028352bf46a2 sp=0x000000bc862f8350 mode 2
Event: 37.701 Thread 0x000002830114e5f0 Uncommon trap: trap_request=0xffffffd6 fr.pc=0x000002835366e054 relative=0x0000000000000674
Event: 37.701 Thread 0x000002830114e5f0 Uncommon trap: reason=array_check action=maybe_recompile pc=0x000002835366e054 method=java.util.TimSort.binarySort([Ljava/lang/Object;IIILjava/util/Comparator;)V @ 215 c2
Event: 37.701 Thread 0x000002830114e5f0 DEOPT PACKING pc=0x000002835366e054 sp=0x000000bc862f9d20
Event: 37.701 Thread 0x000002830114e5f0 DEOPT UNPACKING pc=0x0000028352bf46a2 sp=0x000000bc862f9cb8 mode 2
Event: 37.724 Thread 0x000002830114e5f0 DEOPT PACKING pc=0x000002834cac0b7e sp=0x000000bc862f8d50
Event: 37.724 Thread 0x000002830114e5f0 DEOPT UNPACKING pc=0x0000028352bf4e42 sp=0x000000bc862f8238 mode 0
Event: 37.740 Thread 0x000002830b1253a0 Uncommon trap: trap_request=0xffffffde fr.pc=0x000002835372b3b0 relative=0x00000000000005b0
Event: 37.740 Thread 0x000002830b1253a0 Uncommon trap: reason=class_check action=maybe_recompile pc=0x000002835372b3b0 method=java.util.HashMap.removeNode(ILjava/lang/Object;Ljava/lang/Object;ZZ)Ljava/util/HashMap$Node; @ 68 c2
Event: 37.740 Thread 0x000002830b1253a0 DEOPT PACKING pc=0x000002835372b3b0 sp=0x000000bc8dffeac0
Event: 37.740 Thread 0x000002830b1253a0 DEOPT UNPACKING pc=0x0000028352bf46a2 sp=0x000000bc8dffe9e8 mode 2
Event: 37.769 Thread 0x000002830b1253a0 Uncommon trap: trap_request=0xffffffde fr.pc=0x000002835372b3b0 relative=0x00000000000005b0
Event: 37.769 Thread 0x000002830b1253a0 Uncommon trap: reason=class_check action=maybe_recompile pc=0x000002835372b3b0 method=java.util.HashMap.removeNode(ILjava/lang/Object;Ljava/lang/Object;ZZ)Ljava/util/HashMap$Node; @ 68 c2
Event: 37.769 Thread 0x000002830b1253a0 DEOPT PACKING pc=0x000002835372b3b0 sp=0x000000bc8dffeac0
Event: 37.769 Thread 0x000002830b1253a0 DEOPT UNPACKING pc=0x0000028352bf46a2 sp=0x000000bc8dffe9e8 mode 2

Classes loaded (20 events):
Event: 35.970 Loading class java/util/EnumMap$EntryIterator$Entry
Event: 35.970 Loading class java/util/EnumMap$EntryIterator$Entry done
Event: 36.035 Loading class java/util/Collections$UnmodifiableSortedSet
Event: 36.035 Loading class java/util/Collections$UnmodifiableSortedSet done
Event: 36.037 Loading class java/util/concurrent/Semaphore$NonfairSync
Event: 36.037 Loading class java/util/concurrent/Semaphore$Sync
Event: 36.037 Loading class java/util/concurrent/Semaphore$Sync done
Event: 36.037 Loading class java/util/concurrent/Semaphore$NonfairSync done
Event: 36.040 Loading class java/nio/file/Files$2
Event: 36.040 Loading class java/nio/file/Files$2 done
Event: 36.900 Loading class jdk/internal/reflect/MethodHandleBooleanFieldAccessorImpl
Event: 36.900 Loading class jdk/internal/reflect/MethodHandleBooleanFieldAccessorImpl done
Event: 37.052 Loading class java/util/stream/SortedOps$RefSortingSink
Event: 37.052 Loading class java/util/stream/SortedOps$RefSortingSink done
Event: 37.217 Loading class java/io/CharArrayWriter
Event: 37.217 Loading class java/io/CharArrayWriter done
Event: 37.221 Loading class java/io/SequenceInputStream
Event: 37.221 Loading class java/io/SequenceInputStream done
Event: 37.543 Loading class java/lang/foreign/MemorySegment
Event: 37.544 Loading class java/lang/foreign/MemorySegment done

Classes unloaded (7 events):
Event: 37.813 Thread 0x0000028360013e10 Unloading class 0x0000028362fe97d0 '_BuildScript_$_run_closure2'
Event: 37.813 Thread 0x0000028360013e10 Unloading class 0x0000028362fe93e8 '_BuildScript_$_run_closure1$_closure4$_closure5'
Event: 37.813 Thread 0x0000028360013e10 Unloading class 0x0000028362fe9000 '_BuildScript_$_run_closure1$_closure4'
Event: 37.813 Thread 0x0000028360013e10 Unloading class 0x0000028362fe8928 '_BuildScript_$_run_closure1$_closure3'
Event: 37.813 Thread 0x0000028360013e10 Unloading class 0x0000028362fe8540 '_BuildScript_$_run_closure1'
Event: 37.813 Thread 0x0000028360013e10 Unloading class 0x0000028362fe8000 '_BuildScript_'
Event: 37.813 Thread 0x0000028360013e10 Unloading class 0x0000028362fd4000 '_BuildScript_'

Classes redefined (0 events):
No events

Internal exceptions (20 events):
Event: 37.014 Thread 0x000002830114e5f0 Exception <a 'sun/nio/fs/WindowsException'{0x0000000088d95800}> (0x0000000088d95800) 
thrown [s\open\src\hotspot\share\prims\jni.cpp, line 520]
Event: 37.014 Thread 0x000002830114e5f0 Exception <a 'sun/nio/fs/WindowsException'{0x0000000088d990f8}> (0x0000000088d990f8) 
thrown [s\open\src\hotspot\share\prims\jni.cpp, line 520]
Event: 37.014 Thread 0x000002830114e5f0 Exception <a 'sun/nio/fs/WindowsException'{0x0000000088d9a750}> (0x0000000088d9a750) 
thrown [s\open\src\hotspot\share\prims\jni.cpp, line 520]
Event: 37.015 Thread 0x000002830114e5f0 Exception <a 'sun/nio/fs/WindowsException'{0x0000000088d9d678}> (0x0000000088d9d678) 
thrown [s\open\src\hotspot\share\prims\jni.cpp, line 520]
Event: 37.015 Thread 0x000002830114e5f0 Exception <a 'sun/nio/fs/WindowsException'{0x0000000088d9ecf0}> (0x0000000088d9ecf0) 
thrown [s\open\src\hotspot\share\prims\jni.cpp, line 520]
Event: 37.015 Thread 0x000002830114e5f0 Exception <a 'sun/nio/fs/WindowsException'{0x0000000088da1510}> (0x0000000088da1510) 
thrown [s\open\src\hotspot\share\prims\jni.cpp, line 520]
Event: 37.015 Thread 0x000002830114e5f0 Exception <a 'sun/nio/fs/WindowsException'{0x0000000088da2e80}> (0x0000000088da2e80) 
thrown [s\open\src\hotspot\share\prims\jni.cpp, line 520]
Event: 37.016 Thread 0x000002830114e5f0 Exception <a 'sun/nio/fs/WindowsException'{0x0000000088da5b40}> (0x0000000088da5b40) 
thrown [s\open\src\hotspot\share\prims\jni.cpp, line 520]
Event: 37.016 Thread 0x000002830114e5f0 Exception <a 'sun/nio/fs/WindowsException'{0x0000000088da7528}> (0x0000000088da7528) 
thrown [s\open\src\hotspot\share\prims\jni.cpp, line 520]
Event: 37.039 Thread 0x000002830114e5f0 Exception <a 'java/lang/NoSuchMethodError'{0x0000000088ce0e08}: 'int java.lang.invoke.DirectMethodHandle$Holder.invokeStatic(java.lang.Object, java.lang.Object, int, java.lang.Object)'> (0x0000000088ce0e08) 
thrown [s\open\src\hotspot\share\interpreter\linkResolver.cpp, line 773]
Event: 37.043 Thread 0x000002830114e5f0 Exception <a 'sun/nio/fs/WindowsException'{0x0000000088cecd50}> (0x0000000088cecd50) 
thrown [s\open\src\hotspot\share\prims\jni.cpp, line 520]
Event: 37.043 Thread 0x000002830114e5f0 Exception <a 'sun/nio/fs/WindowsException'{0x0000000088cee3b8}> (0x0000000088cee3b8) 
thrown [s\open\src\hotspot\share\prims\jni.cpp, line 520]
Event: 37.043 Thread 0x000002830114e5f0 Exception <a 'sun/nio/fs/WindowsException'{0x0000000088cefa70}> (0x0000000088cefa70) 
thrown [s\open\src\hotspot\share\prims\jni.cpp, line 520]
Event: 37.043 Thread 0x000002830114e5f0 Exception <a 'sun/nio/fs/WindowsException'{0x0000000088cf1128}> (0x0000000088cf1128) 
thrown [s\open\src\hotspot\share\prims\jni.cpp, line 520]
Event: 37.074 Thread 0x000002830114e5f0 Exception <a 'sun/nio/fs/WindowsException'{0x000000008c487a70}> (0x000000008c487a70) 
thrown [s\open\src\hotspot\share\prims\jni.cpp, line 520]
Event: 37.074 Thread 0x000002830114e5f0 Exception <a 'sun/nio/fs/WindowsException'{0x000000008c4890d8}> (0x000000008c4890d8) 
thrown [s\open\src\hotspot\share\prims\jni.cpp, line 520]
Event: 37.075 Thread 0x000002830114e5f0 Exception <a 'sun/nio/fs/WindowsException'{0x000000008c48a790}> (0x000000008c48a790) 
thrown [s\open\src\hotspot\share\prims\jni.cpp, line 520]
Event: 37.075 Thread 0x000002830114e5f0 Exception <a 'sun/nio/fs/WindowsException'{0x000000008c48be48}> (0x000000008c48be48) 
thrown [s\open\src\hotspot\share\prims\jni.cpp, line 520]
Event: 37.371 Thread 0x000002830114e5f0 Exception <a 'java/lang/NoSuchMethodError'{0x000000008b309a20}: 'void java.lang.invoke.DirectMethodHandle$Holder.invokeInterface(java.lang.Object, java.lang.Object, java.lang.Object, java.lang.Object, java.lang.Object, java.lang.Object)'> (0x000000008b309a20) 
thrown [s\open\src\hotspot\share\interpreter\linkResolver.cpp, line 773]
Event: 37.372 Thread 0x000002830114e5f0 Exception <a 'java/lang/NoSuchMethodError'{0x000000008b30ea50}: 'void java.lang.invoke.DelegatingMethodHandle$Holder.reinvoke_L(java.lang.Object, java.lang.Object, java.lang.Object, java.lang.Object, java.lang.Object, java.lang.Object)'> (0x000000008b30ea50) 
thrown [s\open\src\hotspot\share\interpreter\linkResolver.cpp, line 773]

ZGC Phase Switch (0 events):
No events

VM Operations (20 events):
Event: 34.993 Executing VM operation: G1CollectForAllocation (G1 Evacuation Pause) done
Event: 35.192 Executing VM operation: HandshakeAllThreads (Deoptimize)
Event: 35.192 Executing VM operation: HandshakeAllThreads (Deoptimize) done
Event: 36.205 Executing VM operation: Cleanup
Event: 36.205 Executing VM operation: Cleanup done
Event: 37.025 Executing VM operation: HandshakeAllThreads (Deoptimize)
Event: 37.025 Executing VM operation: HandshakeAllThreads (Deoptimize) done
Event: 37.028 Executing VM operation: HandshakeAllThreads (Deoptimize)
Event: 37.029 Executing VM operation: HandshakeAllThreads (Deoptimize) done
Event: 37.045 Executing VM operation: G1CollectForAllocation (G1 Evacuation Pause)
Event: 37.051 Executing VM operation: G1CollectForAllocation (G1 Evacuation Pause) done
Event: 37.277 Executing VM operation: ICBufferFull
Event: 37.277 Executing VM operation: ICBufferFull done
Event: 37.504 Executing VM operation: ICBufferFull
Event: 37.504 Executing VM operation: ICBufferFull done
Event: 37.667 Executing VM operation: ICBufferFull
Event: 37.667 Executing VM operation: ICBufferFull done
Event: 37.732 Executing VM operation: G1CollectForAllocation (G1 Evacuation Pause)
Event: 37.737 Executing VM operation: G1CollectForAllocation (G1 Evacuation Pause) done
Event: 37.812 Executing VM operation: G1PauseRemark

Events (20 events):
Event: 37.828 Thread 0x0000028360013e10 flushing nmethod 0x000002834c532910
Event: 37.828 Thread 0x0000028360013e10 flushing nmethod 0x000002834c536190
Event: 37.828 Thread 0x0000028360013e10 flushing nmethod 0x000002834c565190
Event: 37.828 Thread 0x0000028360013e10 flushing nmethod 0x000002834c7ba810
Event: 37.828 Thread 0x0000028360013e10 flushing nmethod 0x000002834c8e7f90
Event: 37.828 Thread 0x0000028360013e10 flushing nmethod 0x000002834c9a5a10
Event: 37.828 Thread 0x0000028360013e10 flushing nmethod 0x000002834c9a5e10
Event: 37.828 Thread 0x0000028360013e10 flushing nmethod 0x000002834c9a6290
Event: 37.828 Thread 0x0000028360013e10 flushing nmethod 0x000002834c9a6a90
Event: 37.828 Thread 0x0000028360013e10 flushing nmethod 0x000002834c9a7110
Event: 37.828 Thread 0x0000028360013e10 flushing nmethod 0x000002834c9a7590
Event: 37.828 Thread 0x0000028360013e10 flushing nmethod 0x000002834c9a7b90
Event: 37.828 Thread 0x0000028360013e10 flushing nmethod 0x000002834c9ea810
Event: 37.828 Thread 0x0000028360013e10 flushing nmethod 0x000002834c9eb910
Event: 37.828 Thread 0x0000028360013e10 flushing nmethod 0x000002834c9ec110
Event: 37.828 Thread 0x0000028360013e10 flushing nmethod 0x000002834c9f0410
Event: 37.828 Thread 0x0000028360013e10 flushing nmethod 0x000002834c9f0810
Event: 37.828 Thread 0x0000028360013e10 flushing nmethod 0x000002834c9f2010
Event: 37.828 Thread 0x0000028360013e10 flushing nmethod 0x000002834c9f2c10
Event: 37.828 Thread 0x0000028360013e10 flushing nmethod 0x000002834c9f3310


Dynamic libraries:
0x00007ff723c10000 - 0x00007ff723c20000 	C:\Program Files\Java\jdk-21\bin\java.exe
0x00007ff94c750000 - 0x00007ff94c967000 	C:\WINDOWS\SYSTEM32\ntdll.dll
0x00007ff94b8a0000 - 0x00007ff94b964000 	C:\WINDOWS\System32\KERNEL32.DLL
0x00007ff949b70000 - 0x00007ff949f1d000 	C:\WINDOWS\System32\KERNELBASE.dll
0x00007ff949f20000 - 0x00007ff94a031000 	C:\WINDOWS\System32\ucrtbase.dll
0x00007ff929b90000 - 0x00007ff929bab000 	C:\Program Files\Java\jdk-21\bin\VCRUNTIME140.dll
0x00007ff929de0000 - 0x00007ff929df9000 	C:\Program Files\Java\jdk-21\bin\jli.dll
0x00007ff94aab0000 - 0x00007ff94ab62000 	C:\WINDOWS\System32\ADVAPI32.dll
0x00007ff94a850000 - 0x00007ff94a8f7000 	C:\WINDOWS\System32\msvcrt.dll
0x00007ff94ade0000 - 0x00007ff94ae89000 	C:\WINDOWS\System32\sechost.dll
0x00007ff94a2d0000 - 0x00007ff94a2f8000 	C:\WINDOWS\System32\bcrypt.dll
0x00007ff94a650000 - 0x00007ff94a764000 	C:\WINDOWS\System32\RPCRT4.dll
0x00007ff94b6f0000 - 0x00007ff94b89e000 	C:\WINDOWS\System32\USER32.dll
0x00007ff949a80000 - 0x00007ff949aa6000 	C:\WINDOWS\System32\win32u.dll
0x00007ff94a820000 - 0x00007ff94a849000 	C:\WINDOWS\System32\GDI32.dll
0x00007ff94a370000 - 0x00007ff94a489000 	C:\WINDOWS\System32\gdi32full.dll
0x00007ff94a040000 - 0x00007ff94a0da000 	C:\WINDOWS\System32\msvcp_win.dll
0x00007ff940c00000 - 0x00007ff940c0a000 	C:\WINDOWS\SYSTEM32\VERSION.dll
0x00007ff9138e0000 - 0x00007ff913b73000 	C:\WINDOWS\WinSxS\amd64_microsoft.windows.common-controls_6595b64144ccf1df_6.0.22621.3672_none_2713b9d173822955\COMCTL32.dll
0x00007ff94c0c0000 - 0x00007ff94c0f1000 	C:\WINDOWS\System32\IMM32.DLL
0x00007ff9300e0000 - 0x00007ff9300ec000 	C:\Program Files\Java\jdk-21\bin\vcruntime140_1.dll
0x00007ff929b00000 - 0x00007ff929b8e000 	C:\Program Files\Java\jdk-21\bin\msvcp140.dll
0x00007ff8c1500000 - 0x00007ff8c2213000 	C:\Program Files\Java\jdk-21\bin\server\jvm.dll
0x00007ff94c100000 - 0x00007ff94c171000 	C:\WINDOWS\System32\WS2_32.dll
0x00007ff9492f0000 - 0x00007ff94933d000 	C:\WINDOWS\SYSTEM32\POWRPROF.dll
0x00007ff941400000 - 0x00007ff941434000 	C:\WINDOWS\SYSTEM32\WINMM.dll
0x00007ff9492d0000 - 0x00007ff9492e3000 	C:\WINDOWS\SYSTEM32\UMPDC.dll
0x00007ff948a80000 - 0x00007ff948a98000 	C:\WINDOWS\SYSTEM32\kernel.appcore.dll
0x00007ff92fb40000 - 0x00007ff92fb4a000 	C:\Program Files\Java\jdk-21\bin\jimage.dll
0x00007ff93c9e0000 - 0x00007ff93cc12000 	C:\WINDOWS\SYSTEM32\DBGHELP.DLL
0x00007ff94c220000 - 0x00007ff94c5a8000 	C:\WINDOWS\System32\combase.dll
0x00007ff94bfc0000 - 0x00007ff94c097000 	C:\WINDOWS\System32\OLEAUT32.dll
0x00007ff9313a0000 - 0x00007ff9313d2000 	C:\WINDOWS\SYSTEM32\dbgcore.DLL
0x00007ff94a0e0000 - 0x00007ff94a15b000 	C:\WINDOWS\System32\bcryptPrimitives.dll
0x00007ff929a30000 - 0x00007ff929a3f000 	C:\Program Files\Java\jdk-21\bin\instrument.dll
0x00007ff929ae0000 - 0x00007ff929aff000 	C:\Program Files\Java\jdk-21\bin\java.dll
0x00007ff94ae90000 - 0x00007ff94b6ef000 	C:\WINDOWS\System32\SHELL32.dll
0x00007ff947980000 - 0x00007ff94827c000 	C:\WINDOWS\SYSTEM32\windows.storage.dll
0x00007ff947840000 - 0x00007ff94797f000 	C:\WINDOWS\SYSTEM32\wintypes.dll
0x00007ff94a550000 - 0x00007ff94a644000 	C:\WINDOWS\System32\SHCORE.dll
0x00007ff94c5b0000 - 0x00007ff94c60e000 	C:\WINDOWS\System32\shlwapi.dll
0x00007ff9499b0000 - 0x00007ff9499d1000 	C:\WINDOWS\SYSTEM32\profapi.dll
0x00007ff8fab30000 - 0x00007ff8fac07000 	C:\Program Files\Java\jdk-21\bin\jsvml.dll
0x00007ff929aa0000 - 0x00007ff929ab8000 	C:\Program Files\Java\jdk-21\bin\zip.dll
0x00007ff92fab0000 - 0x00007ff92fac0000 	C:\Program Files\Java\jdk-21\bin\net.dll
0x00007ff9424c0000 - 0x00007ff9425f6000 	C:\WINDOWS\SYSTEM32\WINHTTP.dll
0x00007ff948f00000 - 0x00007ff948f69000 	C:\WINDOWS\system32\mswsock.dll
0x00007ff929ac0000 - 0x00007ff929ad6000 	C:\Program Files\Java\jdk-21\bin\nio.dll
0x00007ff92d050000 - 0x00007ff92d060000 	C:\Program Files\Java\jdk-21\bin\verify.dll
0x00007ff929a70000 - 0x00007ff929a97000 	C:\Users\Alex\.gradle\native\c067742578af261105cb4f569cf0c3c89f3d7b1fecec35dd04571415982c5e48\windows-amd64\native-platform.dll
0x00007ff920550000 - 0x00007ff920694000 	C:\Users\Alex\.gradle\native\38dada09dfb8b06ba9b0570ebf7e218e3eb74d4ef43ca46872605cf95ebc2f47\windows-amd64\native-platform-file-events.dll
0x00007ff929a60000 - 0x00007ff929a6a000 	C:\Program Files\Java\jdk-21\bin\management.dll
0x00007ff929a50000 - 0x00007ff929a5b000 	C:\Program Files\Java\jdk-21\bin\management_ext.dll
0x00007ff94a770000 - 0x00007ff94a778000 	C:\WINDOWS\System32\PSAPI.DLL
0x00007ff9491f0000 - 0x00007ff94920b000 	C:\WINDOWS\SYSTEM32\CRYPTSP.dll
0x00007ff9489e0000 - 0x00007ff948a15000 	C:\WINDOWS\system32\rsaenh.dll
0x00007ff949090000 - 0x00007ff9490b8000 	C:\WINDOWS\SYSTEM32\USERENV.dll
0x00007ff949210000 - 0x00007ff94921c000 	C:\WINDOWS\SYSTEM32\CRYPTBASE.dll
0x00007ff9484e0000 - 0x00007ff94850d000 	C:\WINDOWS\SYSTEM32\IPHLPAPI.DLL
0x00007ff94bdf0000 - 0x00007ff94bdf9000 	C:\WINDOWS\System32\NSI.dll
0x00007ff929a40000 - 0x00007ff929a49000 	C:\Program Files\Java\jdk-21\bin\extnet.dll
0x00007ff929a00000 - 0x00007ff929a0e000 	C:\Program Files\Java\jdk-21\bin\sunmscapi.dll
0x00007ff94a160000 - 0x00007ff94a2c7000 	C:\WINDOWS\System32\CRYPT32.dll
0x00007ff949430000 - 0x00007ff94945e000 	C:\WINDOWS\SYSTEM32\ncrypt.dll
0x00007ff9493f0000 - 0x00007ff949427000 	C:\WINDOWS\SYSTEM32\NTASN1.dll
0x00007ff938ab0000 - 0x00007ff938ab8000 	C:\WINDOWS\system32\wshunix.dll
0x00007ff948550000 - 0x00007ff948648000 	C:\WINDOWS\SYSTEM32\DNSAPI.dll
0x00007ff942800000 - 0x00007ff94280a000 	C:\Windows\System32\rasadhlp.dll
0x00007ff941050000 - 0x00007ff9410d3000 	C:\WINDOWS\System32\fwpuclnt.dll
0x00007ff92de90000 - 0x00007ff92dea7000 	C:\WINDOWS\system32\napinsp.dll
0x00007ff92de70000 - 0x00007ff92de8b000 	C:\WINDOWS\system32\pnrpnsp.dll
0x00007ff92de50000 - 0x00007ff92de61000 	C:\WINDOWS\System32\winrnr.dll
0x00007ff9416e0000 - 0x00007ff9416f5000 	C:\WINDOWS\system32\wshbth.dll
0x00007ff92ddd0000 - 0x00007ff92ddf7000 	C:\WINDOWS\system32\nlansp_c.dll
0x00007ff946d30000 - 0x00007ff946dc7000 	C:\WINDOWS\system32\apphelp.dll

dbghelp: loaded successfully - version: 4.0.5 - missing functions: none
symbol engine: initialized successfully - sym options: 0x614 - pdb path: .;C:\Program Files\Java\jdk-21\bin;C:\WINDOWS\SYSTEM32;C:\WINDOWS\WinSxS\amd64_microsoft.windows.common-controls_6595b64144ccf1df_6.0.22621.3672_none_2713b9d173822955;C:\Program Files\Java\jdk-21\bin\server;C:\Users\Alex\.gradle\native\c067742578af261105cb4f569cf0c3c89f3d7b1fecec35dd04571415982c5e48\windows-amd64;C:\Users\Alex\.gradle\native\38dada09dfb8b06ba9b0570ebf7e218e3eb74d4ef43ca46872605cf95ebc2f47\windows-amd64

VM Arguments:
jvm_args: -XX:MaxMetaspaceSize=512m --add-opens=java.base/java.util=ALL-UNNAMED --add-opens=java.base/java.lang=ALL-UNNAMED --add-opens=java.base/java.lang.invoke=ALL-UNNAMED --add-opens=java.prefs/java.util.prefs=ALL-UNNAMED --add-opens=java.base/java.nio.charset=ALL-UNNAMED --add-opens=java.base/java.net=ALL-UNNAMED --add-opens=java.base/java.util.concurrent.atomic=ALL-UNNAMED -Xmx2048m -Dfile.encoding=UTF-8 -Duser.country=US -Duser.language=en -Duser.variant -javaagent:C:\Users\Alex\.gradle\wrapper\dists\gradle-8.6-all\3mbtmo166bl6vumsh5k2lkq5h\gradle-8.6\lib\agents\gradle-instrumentation-agent-8.6.jar 
java_command: org.gradle.launcher.daemon.bootstrap.GradleDaemon 8.6
java_class_path (initial): C:\Users\Alex\.gradle\wrapper\dists\gradle-8.6-all\3mbtmo166bl6vumsh5k2lkq5h\gradle-8.6\lib\gradle-launcher-8.6.jar
Launcher Type: SUN_STANDARD

[Global flags]
     intx CICompilerCount                          = 4                                         {product} {ergonomic}
   size_t CompressedClassSpaceSize                 = 436207616                                 {product} {ergonomic}
     uint ConcGCThreads                            = 3                                         {product} {ergonomic}
     uint G1ConcRefinementThreads                  = 10                                        {product} {ergonomic}
   size_t G1HeapRegionSize                         = 1048576                                   {product} {ergonomic}
    uintx GCDrainStackTargetSize                   = 64                                        {product} {ergonomic}
   size_t InitialHeapSize                          = 134217728                                 {product} {ergonomic}
   size_t MarkStackSize                            = 4194304                                   {product} {ergonomic}
   size_t MaxHeapSize                              = 2147483648                                {product} {command line}
   size_t MaxMetaspaceSize                         = 536870912                                 {product} {command line}
   size_t MaxNewSize                               = 1287651328                                {product} {ergonomic}
   size_t MinHeapDeltaBytes                        = 1048576                                   {product} {ergonomic}
   size_t MinHeapSize                              = 8388608                                   {product} {ergonomic}
    uintx NonNMethodCodeHeapSize                   = 5839372                                {pd product} {ergonomic}
    uintx NonProfiledCodeHeapSize                  = 122909434                              {pd product} {ergonomic}
    uintx ProfiledCodeHeapSize                     = 122909434                              {pd product} {ergonomic}
    uintx ReservedCodeCacheSize                    = 251658240                              {pd product} {ergonomic}
     bool SegmentedCodeCache                       = true                                      {product} {ergonomic}
   size_t SoftMaxHeapSize                          = 2147483648                             {manageable} {ergonomic}
     bool UseCompressedOops                        = true                           {product lp64_product} {ergonomic}
     bool UseG1GC                                  = true                                      {product} {ergonomic}
     bool UseLargePagesIndividualAllocation        = false                                  {pd product} {ergonomic}

Logging:
Log output configuration:
 #0: stdout all=warning uptime,level,tags foldmultilines=false
 #1: stderr all=off uptime,level,tags foldmultilines=false

Environment Variables:
JAVA_HOME=C:\Program Files\Java\jdk-21
CLASSPATH=C:\Users\Alex\Desktop\Active\Client\Wp to Android\MyApp\android\\gradle\wrapper\gradle-wrapper.jar
PATH=C:\Users\Alex\Desktop\Active\Client\Wp to Android\MyApp\node_modules\.bin;C:\Users\Alex\Desktop\Active\Client\Wp to Android\MyApp\node_modules\.bin;C:\Users\Alex\Desktop\Active\Client\Wp to Android\node_modules\.bin;C:\Users\Alex\Desktop\Active\Client\node_modules\.bin;C:\Users\Alex\Desktop\Active\node_modules\.bin;C:\Users\Alex\Desktop\node_modules\.bin;C:\Users\Alex\node_modules\.bin;C:\Users\node_modules\.bin;C:\node_modules\.bin;C:\Users\Alex\AppData\Roaming\npm\node_modules\npm\node_modules\@npmcli\run-script\lib\node-gyp-bin;C:\Program Files\Common Files\Oracle\Java\javapath;C:\Python312\Scripts\;C:\Python312\;C:\Python311\Scripts\;C:\Python311\;C:\WINDOWS\system32;C:\WINDOWS;C:\WINDOWS\System32\Wbem;C:\WINDOWS\System32\WindowsPowerShell\v1.0\;C:\WINDOWS\System32\OpenSSH\;C:\ProgramData\chocolatey\bin;C:\Program Files\PuTTY\;C:\Program Files\Geth;C:\Program Files\nodejs\;C:\Program Files\Git\cmd;C:\Program Files\Git\mingw64\bin;C:\Program Files\Git\usr\bin;C:\Program Files\dotnet\;C:\Users\Alex\AppData\Local\Android\Sdk\platform-tools;C:\Users\Alex\AppData\Local\Android\Sdk\tools;C:\Users\Alex\AppData\Local\Android\Sdk\tools\bin;C:\Users\Alex\AppData\Local\Android\Sdk\build-tools\35.0.0;C:\Users\Alex\.local\share\solana\install\active_release\bin;C:\Users\Alex\AppData\Local\pnpm;C:\Program Files\MySQL\MySQL Shell 8.0\bin\;C:\Users\Alex\AppData\Local\Microsoft\WindowsApps;C:\Users\Alex\AppData\Local\atom\bin;c:\users\alex\appdata\roaming\python\python311\scripts;c:\users\alex\.local\bin;C:\Users\Alex\.ebcli-virtual-env\executables;C:\Users\Alex\AppData\Local\GitHubDesktop\bin;C:\Users\Alex\AppData\Roaming\npm;C:\Users\Alex\.dotnet\tools
USERNAME=Alex
OS=Windows_NT
PROCESSOR_IDENTIFIER=AMD64 Family 23 Model 8 Stepping 2, AuthenticAMD
TMP=C:\Users\Alex\AppData\Local\Temp
TEMP=C:\Users\Alex\AppData\Local\Temp




Periodic native trim disabled

---------------  S Y S T E M  ---------------

OS:
 Windows 11 , 64 bit Build 22621 (10.0.22621.3672)
OS uptime: 1 days 3:14 hours
Hyper-V role detected

CPU: total 12 (initial active 12) (12 cores per cpu, 2 threads per core) family 23 model 8 stepping 2 microcode 0x0, cx8, cmov, fxsr, ht, mmx, 3dnowpref, sse, sse2, sse3, ssse3, sse4a, sse4.1, sse4.2, popcnt, lzcnt, tsc, tscinvbit, avx, avx2, aes, clmul, bmi1, bmi2, adx, sha, fma, vzeroupper, clflush, clflushopt, hv, rdtscp, f16c
Processor Information for all 12 processors :
  Max Mhz: 3400, Current Mhz: 3400, Mhz Limit: 3400

Memory: 4k page, system-wide physical 8143M (121M free)
TotalPageFile size 32719M (AvailPageFile size 20M)
current process WorkingSet (physical memory assigned to process): 502M, peak: 511M
current process commit charge ("private bytes"): 555M, peak: 593M

vm_info: Java HotSpot(TM) 64-Bit Server VM (21.0.4+8-LTS-274) for windows-amd64 JRE (21.0.4+8-LTS-274), built on 2024-06-05T05:23:33Z by "mach5one" with MS VC++ 17.6 (VS2022)

END.
